CS240: lab5. cs240 Mon Mar 9 23:13:39 EDT 2015  Total:  -20 of 75

CS240: lab5. cs240 Mon Mar 9 23:15:07 EDT 2015  Total:  -20 of 75

CS240: lab5. cs240 Mon Mar 9 23:15:21 EDT 2015  Total:  55 of 75

CS240: lab5. cs240 Mon Mar 9 23:16:12 EDT 2015  Total:  55 of 75

CS240: lab5. cs240 Mon Mar 9 23:17:37 EDT 2015  Total:  75 of 75

CS240: lab5. cs240 Tue Mar 10 00:05:07 EDT 2015  Total:  100 of 100

CS240: lab5. cs240 Tue Mar 10 00:14:16 EDT 2015  Total:  0 of 100

CS240: lab5. cs240 Tue Mar 10 00:15:06 EDT 2015  Total:  0 of 100

CS240: lab5. cs240 Tue Mar 10 00:17:18 EDT 2015  Total:  0 of 100

CS240: lab5. juneja0 Fri Mar 13 16:00:37 EDT 2015  Total:  5 of 100

CS240: lab5. juneja0 Fri Mar 13 16:24:40 EDT 2015  Total:  10 of 100

CS240: lab5. juneja0 Fri Mar 13 16:36:07 EDT 2015  Total:  10 of 100

CS240: lab5. juneja0 Fri Mar 13 16:37:52 EDT 2015  Total:  10 of 100

CS240: lab5. juneja0 Fri Mar 13 16:40:19 EDT 2015  Total:  10 of 100

CS240: lab5. juneja0 Fri Mar 13 17:09:56 EDT 2015  Total:  10 of 100

CS240: lab5. juneja0 Sun Mar 15 18:15:58 EDT 2015  Total:  15 of 100

CS240: lab5. juneja0 Sun Mar 15 19:41:28 EDT 2015  Total:  15 of 100

CS240: lab5. juneja0 Sun Mar 15 19:42:54 EDT 2015  Total:  30 of 100

CS240: lab5. juneja0 Sun Mar 15 19:47:34 EDT 2015  Total:  30 of 100

CS240: lab5. juneja0 Sun Mar 15 19:48:29 EDT 2015  Total:  28 of 100

CS240: lab5. juneja0 Sun Mar 15 19:52:35 EDT 2015  Total:  40 of 100

CS240: lab5. juneja0 Sun Mar 15 21:54:38 EDT 2015  Total:  40 of 100

CS240: lab5. juneja0 Mon Mar 16 00:58:44 EDT 2015  Total:  40 of 100

CS240: lab5. juneja0 Mon Mar 16 02:37:19 EDT 2015  Total:  50 of 100

CS240: lab5. juneja0 Mon Mar 16 02:37:48 EDT 2015  Total:  65 of 100

CS240: lab5. juneja0 Mon Mar 16 02:38:22 EDT 2015  Total:  50 of 100

CS240: lab5. juneja0 Mon Mar 16 02:39:03 EDT 2015  Total:  65 of 100

CS240: lab5. juneja0 Mon Mar 16 02:40:18 EDT 2015  Total:  65 of 100

CS240: lab5. juneja0 Mon Mar 16 02:40:35 EDT 2015  Total:  65 of 100

CS240: lab5. juneja0 Mon Mar 16 02:42:06 EDT 2015  Total:  50 of 100

CS240: lab5. juneja0 Mon Mar 16 02:43:10 EDT 2015  Total:  50 of 100

CS240: lab5. juneja0 Mon Mar 16 02:47:30 EDT 2015  Total:  65 of 100

CS240: lab5. juneja0 Mon Mar 16 17:48:31 EDT 2015  Total:  65 of 100

CS240: lab5. juneja0 Tue Mar 17 20:55:29 EDT 2015  Total:  65 of 100

CS240: lab5. juneja0 Tue Mar 17 21:09:05 EDT 2015  Total:  65 of 100

CS240: lab5. juneja0 Tue Mar 17 21:21:24 EDT 2015  Total:  75 of 100

CS240: lab5. juneja0 Tue Mar 17 21:31:48 EDT 2015  Total:  80 of 100

CS240: lab5. juneja0 Tue Mar 17 21:39:24 EDT 2015  Total:  80 of 100

CS240: lab5. juneja0 Tue Mar 17 22:33:03 EDT 2015  Total:  80 of 100

CS240: lab5. juneja0 Wed Mar 18 16:49:04 EDT 2015  Total:  80 of 100

CS240: lab5. juneja0 Wed Mar 18 18:39:37 EDT 2015  Total:  80 of 100

CS240: lab5. juneja0 Thu Mar 19 01:03:54 EDT 2015  Total:  90 of 100

CS240: lab5. juneja0 Thu Mar 26 22:55:52 EDT 2015  Total:  90 of 140

CS240: lab5. juneja0 Fri Mar 27 16:00:47 EDT 2015  Total:  90 of 140

CS240: lab5. juneja0 Fri Mar 27 16:08:37 EDT 2015  Total:  90 of 140

CS240: lab5. juneja0 Fri Mar 27 16:10:49 EDT 2015  Total:  90 of 140

CS240: lab5. juneja0 Fri Mar 27 16:11:28 EDT 2015  Total:  90 of 140

CS240: lab5. juneja0 Fri Mar 27 16:12:25 EDT 2015  Total:  106 of 140

CS240: lab5. juneja0 Fri Mar 27 16:26:17 EDT 2015  Total:  106 of 140

CS240: lab5. juneja0 Fri Mar 27 16:28:19 EDT 2015  Total:  118 of 140

CS240: lab5. juneja0 Fri Mar 27 16:38:43 EDT 2015  Total:  122 of 140

CS240: lab5. juneja0 Fri Mar 27 16:47:00 EDT 2015  Total:  122 of 140

CS240: lab5. juneja0 Fri Mar 27 16:51:33 EDT 2015  Total:  126 of 140

CS240: lab5. juneja0 Fri Mar 27 17:04:15 EDT 2015  Total:  126 of 140

CS240: lab5. juneja0 Fri Mar 27 17:24:31 EDT 2015  Total:  126 of 140

CS240: lab5. juneja0 Fri Mar 27 19:13:32 EDT 2015  Total:  126 of 140

CS240: lab5. juneja0 Fri Mar 27 19:14:19 EDT 2015  Total:  126 of 140

CS240: lab5. juneja0 Fri Mar 27 19:16:03 EDT 2015  Total:  126 of 140

CS240: lab5. juneja0 Fri Mar 27 19:16:35 EDT 2015  Total:  130 of 140

CS240: lab5. juneja0 Sun Mar 29 01:54:09 EDT 2015  Total:  130 of 140

CS240: lab5. juneja0 Sun Mar 29 02:33:05 EDT 2015  Total:  130 of 140

CS240: lab5. juneja0 Sun Mar 29 02:33:37 EDT 2015  Total:  140 of 140

CS240: lab5. juneja0 Sun Mar 29 02:35:22 EDT 2015  Total:  130 of 140

CS240: lab5. juneja0 Sun Mar 29 02:36:10 EDT 2015  Total:  140 of 140

CS240: lab5. juneja0 Sun Mar 29 02:37:39 EDT 2015  Total:  140 of 140

CS240: lab5. juneja0 Sun Mar 29 02:38:34 EDT 2015  Total:  140 of 140

CS240: lab5. juneja0 Sun Mar 29 02:42:02 EDT 2015  Total:  140 of 140

CS240: lab5. juneja0 Mon Mar 30 17:16:27 EDT 2015  Total:  140 of 140

