CS240: lab6. cs240 Tue Mar 31 00:09:52 EDT 2015  Total:  0 of 12

CS240: lab6. cs240 Tue Mar 31 00:10:08 EDT 2015  Total:  12 of 12

CS240: lab6. cs240 Tue Mar 31 00:11:07 EDT 2015  Total:  0 of 12

CS240: lab6. cs240 Tue Mar 31 00:11:39 EDT 2015  Total:  0 of 12

CS240: lab6. cs240 Tue Mar 31 00:13:58 EDT 2015  Total:  0 of 12

CS240: lab6. juneja0 Thu Apr 9 23:07:18 EDT 2015  Total:  0 of 12

CS240: lab6. juneja0 Thu Apr 9 23:07:45 EDT 2015  Total:  8 of 12

CS240: lab6. juneja0 Thu Apr 9 23:46:55 EDT 2015  Total:  8 of 12

CS240: lab6. juneja0 Thu Apr 9 23:56:08 EDT 2015  Total:  8 of 12

CS240: lab6. juneja0 Fri Apr 10 00:18:25 EDT 2015  Total:  8 of 12

CS240: lab6. juneja0 Fri Apr 10 01:22:44 EDT 2015  Total:  12 of 12

CS240: lab6. juneja0 Fri Apr 10 01:23:32 EDT 2015  Total:  12 of 12

CS240: lab6. juneja0 Sun Apr 19 21:12:33 EDT 2015  Total:  12 of 62

CS240: lab6. juneja0 Mon Apr 20 23:20:22 EDT 2015  Total:  12 of 62

CS240: lab6. juneja0 Tue Apr 21 00:42:38 EDT 2015  Total:  47 of 62

CS240: lab6. juneja0 Tue Apr 21 00:50:56 EDT 2015  Total:  47 of 62

CS240: lab6. juneja0 Tue Apr 21 11:01:51 EDT 2015  Total:  12 of 62

CS240: lab6. juneja0 Tue Apr 21 11:31:02 EDT 2015  Total:  47 of 62

CS240: lab6. juneja0 Tue Apr 21 11:35:15 EDT 2015  Total:  47 of 62

CS240: lab6. juneja0 Tue Apr 21 11:45:31 EDT 2015  Total:  52 of 62

CS240: lab6. juneja0 Tue Apr 21 11:51:40 EDT 2015  Total:  57 of 62

CS240: lab6. juneja0 Tue Apr 21 11:54:30 EDT 2015  Total:  57 of 62

CS240: lab6. juneja0 Tue Apr 21 12:15:24 EDT 2015  Total:  47 of 62

CS240: lab6. juneja0 Tue Apr 21 12:23:42 EDT 2015  Total:  62 of 62

CS240: lab6. juneja0 Mon Apr 27 21:20:20 EDT 2015  Total:  47 of 62

CS240: lab6. juneja0 Mon Apr 27 21:22:42 EDT 2015  Total:  62 of 62

CS240: lab6. juneja0 Fri May 1 16:00:28 EDT 2015  Total:  62 of 62

