[master (root-commit) 195006e] otal of otalmax
 Committer: CS24000 Account <cs240@data.cs.purdue.edu>
Your name and email address were configured automatically based
on your username and hostname. Please check that they are accurate.
You can suppress this message by setting them explicitly:

    git config --global user.name "Your Name"
    git config --global user.email you@example.com

After doing this, you may fix the identity used for this commit with:

    git commit --amend --reset-author

 11 files changed, 811 insertions(+)
 create mode 100644 .local.git.out
 create mode 100644 HashTableVoid.cc
 create mode 100644 HashTableVoid.h
 create mode 100755 HashTableVoidTest
 create mode 100644 HashTableVoidTest.cc
 create mode 100755 IRCServer
 create mode 100644 IRCServer.cc
 create mode 100644 IRCServer.h
 create mode 100755 Makefile
 create mode 100755 talk-server
 create mode 100755 testall
[master 31a87fe] 0 of 12
 Committer: CS24000 Account <cs240@data.cs.purdue.edu>
Your name and email address were configured automatically based
on your username and hostname. Please check that they are accurate.
You can suppress this message by setting them explicitly:

    git config --global user.name "Your Name"
    git config --global user.email you@example.com

After doing this, you may fix the identity used for this commit with:

    git commit --amend --reset-author

 5 files changed, 35 insertions(+)
 create mode 100644 .local.total.out
 create mode 100644 diff.out
 create mode 100644 total.out
 create mode 100644 total.txt
[master 3f7cda3] otal of otalmax
 Committer: CS24000 Account <cs240@data.cs.purdue.edu>
Your name and email address were configured automatically based
on your username and hostname. Please check that they are accurate.
You can suppress this message by setting them explicitly:

    git config --global user.name "Your Name"
    git config --global user.email you@example.com

After doing this, you may fix the identity used for this commit with:

    git commit --amend --reset-author

 3 files changed, 18 insertions(+), 2 deletions(-)
 rename diff.out => none (100%)
 delete mode 100644 total.out
[master d546088] 12 of 12
 Committer: CS24000 Account <cs240@data.cs.purdue.edu>
Your name and email address were configured automatically based
on your username and hostname. Please check that they are accurate.
You can suppress this message by setting them explicitly:

    git config --global user.name "Your Name"
    git config --global user.email you@example.com

After doing this, you may fix the identity used for this commit with:

    git commit --amend --reset-author

 7 files changed, 26 insertions(+), 6 deletions(-)
 create mode 100644 diff.out
 create mode 100644 prog.org.out
 create mode 100644 prog.out
 create mode 100644 total.out
[master 0c99a0a] otal of otalmax
 Committer: CS24000 Account <cs240@data.cs.purdue.edu>
Your name and email address were configured automatically based
on your username and hostname. Please check that they are accurate.
You can suppress this message by setting them explicitly:

    git config --global user.name "Your Name"
    git config --global user.email you@example.com

After doing this, you may fix the identity used for this commit with:

    git commit --amend --reset-author

 6 files changed, 18 insertions(+), 2 deletions(-)
 create mode 100755 HashTableVoidTest.org
 delete mode 100644 diff.out
 delete mode 100644 prog.org.out
 delete mode 100644 prog.out
 delete mode 100644 total.out
[master e4c08cd] 0 of 12
 Committer: CS24000 Account <cs240@data.cs.purdue.edu>
Your name and email address were configured automatically based
on your username and hostname. Please check that they are accurate.
You can suppress this message by setting them explicitly:

    git config --global user.name "Your Name"
    git config --global user.email you@example.com

After doing this, you may fix the identity used for this commit with:

    git commit --amend --reset-author

 7 files changed, 32 insertions(+), 6 deletions(-)
 create mode 100644 diff.out
 create mode 100644 prog.org.out
 create mode 100644 prog.out
 create mode 100644 total.out
[master e7d364c] otal of otalmax
 Committer: CS24000 Account <cs240@data.cs.purdue.edu>
Your name and email address were configured automatically based
on your username and hostname. Please check that they are accurate.
You can suppress this message by setting them explicitly:

    git config --global user.name "Your Name"
    git config --global user.email you@example.com

After doing this, you may fix the identity used for this commit with:

    git commit --amend --reset-author

 5 files changed, 18 insertions(+), 5 deletions(-)
 delete mode 100644 diff.out
 delete mode 100644 prog.org.out
 delete mode 100644 prog.out
 delete mode 100644 total.out
[master a203c20] 0 of 12
 Committer: CS24000 Account <cs240@data.cs.purdue.edu>
Your name and email address were configured automatically based
on your username and hostname. Please check that they are accurate.
You can suppress this message by setting them explicitly:

    git config --global user.name "Your Name"
    git config --global user.email you@example.com

After doing this, you may fix the identity used for this commit with:

    git commit --amend --reset-author

 6 files changed, 25 insertions(+)
 create mode 100644 diff.out
 create mode 100644 prog.org.out
 create mode 100644 prog.out
 create mode 100644 total.out
[master ce9b998] otal of otalmax
 Committer: CS24000 Account <cs240@data.cs.purdue.edu>
Your name and email address were configured automatically based
on your username and hostname. Please check that they are accurate.
You can suppress this message by setting them explicitly:

    git config --global user.name "Your Name"
    git config --global user.email you@example.com

After doing this, you may fix the identity used for this commit with:

    git commit --amend --reset-author

 5 files changed, 18 insertions(+), 5 deletions(-)
 delete mode 100644 diff.out
 delete mode 100644 prog.org.out
 delete mode 100644 prog.out
 delete mode 100644 total.out
[master 504054b] 0 of 12
 Committer: CS24000 Account <cs240@data.cs.purdue.edu>
Your name and email address were configured automatically based
on your username and hostname. Please check that they are accurate.
You can suppress this message by setting them explicitly:

    git config --global user.name "Your Name"
    git config --global user.email you@example.com

After doing this, you may fix the identity used for this commit with:

    git commit --amend --reset-author

 6 files changed, 25 insertions(+)
 create mode 100644 diff.out
 create mode 100644 prog.org.out
 create mode 100644 prog.out
 create mode 100644 total.out
[master daa7583] Make IRCServer
 8 files changed, 19 insertions(+), 6 deletions(-)
 delete mode 100644 diff.out
 delete mode 100644 prog.org.out
 delete mode 100644 prog.out
 delete mode 100644 total.out
[master 53b78f0] 0 of 12
 6 files changed, 13 insertions(+)
 create mode 100644 diff.out
 create mode 100644 prog.org.out
 create mode 100644 prog.out
 create mode 100644 total.out
[master 54a4358] Make IRCServer
 7 files changed, 112 insertions(+), 19 deletions(-)
 rewrite HashTableVoidTest (86%)
 delete mode 100644 diff.out
 delete mode 100644 prog.org.out
 delete mode 100644 prog.out
 delete mode 100644 total.out
[master 702e73c] 8 of 12
 7 files changed, 17 insertions(+), 4 deletions(-)
 create mode 100644 diff.out
 create mode 100644 prog.org.out
 create mode 100644 prog.out
 create mode 100644 total.out
[master 243283f] Make IRCServer
 6 files changed, 7 insertions(+), 5 deletions(-)
 delete mode 100644 diff.out
 delete mode 100644 prog.org.out
 delete mode 100644 prog.out
 delete mode 100644 total.out
[master b8b2b25] Make IRCServer
 3 files changed, 8 insertions(+), 12 deletions(-)
[master 6249422] 8 of 12
 6 files changed, 8 insertions(+)
 create mode 100644 diff.out
 create mode 100644 prog.org.out
 create mode 100644 prog.out
 create mode 100644 total.out
[master 0f7f333] Make IRCServer
 7 files changed, 8 insertions(+), 6 deletions(-)
 delete mode 100644 diff.out
 delete mode 100644 prog.org.out
 delete mode 100644 prog.out
 delete mode 100644 total.out
[master 9706aac] 8 of 12
 6 files changed, 12 insertions(+)
 create mode 100644 diff.out
 create mode 100644 prog.org.out
 create mode 100644 prog.out
 create mode 100644 total.out
[master 763e2c3] Make IRCServer
 7 files changed, 7 insertions(+), 5 deletions(-)
 delete mode 100644 diff.out
 delete mode 100644 prog.org.out
 delete mode 100644 prog.out
 delete mode 100644 total.out
[master 7497c71] Make IRCServer
 4 files changed, 10 insertions(+), 4 deletions(-)
[master caa58fe] 8 of 12
 7 files changed, 11 insertions(+)
 create mode 100644 diff.out
 create mode 100644 prog.org.out
 create mode 100644 prog.out
 create mode 100644 total.out
[master ac6f53f] Make IRCServer
 8 files changed, 16 insertions(+), 10 deletions(-)
 delete mode 100644 diff.out
 delete mode 100644 prog.org.out
 delete mode 100644 prog.out
 delete mode 100644 total.out
[master 1c90f7a] Make IRCServer
 5 files changed, 13 insertions(+), 8 deletions(-)
[master 6b61021] 12 of 12
 7 files changed, 11 insertions(+)
 create mode 100644 diff.out
 create mode 100644 prog.org.out
 create mode 100644 prog.out
 create mode 100644 total.out
[master 0d4ed7f] Make IRCServer
 7 files changed, 7 insertions(+), 5 deletions(-)
 delete mode 100644 diff.out
 delete mode 100644 prog.org.out
 delete mode 100644 prog.out
 delete mode 100644 total.out
[master bc9087f] 12 of 12
 6 files changed, 12 insertions(+)
 create mode 100644 diff.out
 create mode 100644 prog.org.out
 create mode 100644 prog.out
 create mode 100644 total.out
[master 273a966] Make IRCServer
 3 files changed, 7 insertions(+), 1 deletion(-)
[master 4fc07a2] Make IRCServer
 3 files changed, 94 insertions(+), 37 deletions(-)
 rewrite IRCServer (87%)
[master 856a7af] Make IRCServer
 6 files changed, 241 insertions(+), 16 deletions(-)
 rewrite IRCServer (92%)
[master b18d0cf] Make IRCServer
 3 files changed, 4 insertions(+), 1 deletion(-)
[master 274d21e] Make IRCServer
 4 files changed, 12 insertions(+), 6 deletions(-)
 rewrite IRCServer (64%)
 create mode 100644 password.txt
[master 0aab764] Make IRCServer
 3 files changed, 6 insertions(+), 5 deletions(-)
[master 37207f4] Make IRCServer
 4 files changed, 5 insertions(+), 2 deletions(-)
[master 53a4dbd] Make IRCServer
 4 files changed, 9 insertions(+), 50 deletions(-)
[master 4f5a11e] Make IRCServer
 3 files changed, 3 insertions(+), 1 deletion(-)
[master 709dfd2] Make IRCServer
 4 files changed, 8 insertions(+), 4 deletions(-)
 rewrite IRCServer (65%)
[master 5962be7] Make IRCServer
 4 files changed, 6 insertions(+), 2 deletions(-)
[master 137aaff] Make IRCServer
 4 files changed, 5 insertions(+), 6 deletions(-)
 rewrite IRCServer (65%)
[master a13c22e] Make IRCServer
 4 files changed, 6 insertions(+), 1 deletion(-)
[master 67aea37] Make IRCServer
 3 files changed, 5 insertions(+), 3 deletions(-)
[master b4c7035] Make IRCServer
 3 files changed, 5 insertions(+), 3 deletions(-)
[master b3f8bd9] Make IRCServer
 4 files changed, 4 insertions(+), 10 deletions(-)
 delete mode 100644 password.txt
[master 7ddbb6c] Make IRCServer
 3 files changed, 244 insertions(+), 192 deletions(-)
 rewrite IRCServer (82%)
[master ef85cd1] Make IRCServer
 4 files changed, 19 insertions(+), 1 deletion(-)
 rewrite IRCServer (64%)
 create mode 100644 password.txt
[master 8c69a6b] Make IRCServer
 3 files changed, 6 insertions(+), 1 deletion(-)
[master 21cf71b] Make IRCServer
 3 files changed, 3 insertions(+)
[master 3a9e0d2] Make IRCServer
 3 files changed, 4 insertions(+), 1 deletion(-)
[master 494bfce] Make IRCServer
 3 files changed, 7 insertions(+), 3 deletions(-)
 rewrite IRCServer (64%)
[master ae3e003] Make IRCServer
 4 files changed, 5 insertions(+), 1 deletion(-)
[master 748c33a] Make IRCServer
 3 files changed, 14 insertions(+), 6 deletions(-)
[master a42f1c1] Make IRCServer
 4 files changed, 4 insertions(+)
 rewrite IRCServer (60%)
[master 60b55ff] Make IRCServer
 3 files changed, 4 insertions(+)
[master bf73a60] Make IRCServer
 3 files changed, 3 insertions(+), 1 deletion(-)
 rewrite IRCServer (61%)
[master 1d33840] Make IRCServer
 3 files changed, 5 insertions(+), 2 deletions(-)
[master a6d5798] Make IRCServer
 3 files changed, 2 insertions(+), 20 deletions(-)
[master a33dbd3] Make IRCServer
 3 files changed, 3 insertions(+), 1 deletion(-)
[master c59f251] Make IRCServer
 3 files changed, 3 insertions(+), 1 deletion(-)
[master 07ee6a4] Make IRCServer
 3 files changed, 6 insertions(+), 1 deletion(-)
 rewrite IRCServer (62%)
[master 61b3194] Make IRCServer
 3 files changed, 7 insertions(+), 2 deletions(-)
[master 01c4e3a] Make IRCServer
 3 files changed, 5 insertions(+), 3 deletions(-)
[master a3e5a82] Make IRCServer
 3 files changed, 5 insertions(+), 3 deletions(-)
[master 4a3aac7] Make IRCServer
 3 files changed, 3 insertions(+), 1 deletion(-)
[master ace7625] Make IRCServer
 3 files changed, 4 insertions(+), 1 deletion(-)
[master ff26b2d] Make IRCServer
 3 files changed, 5 insertions(+), 2 deletions(-)
[master 211071a] Make IRCServer
 3 files changed, 4 insertions(+), 2 deletions(-)
[master b8780c9] Make IRCServer
 3 files changed, 8 insertions(+), 7 deletions(-)
[master 557d43d] Make IRCServer
 3 files changed, 3 insertions(+), 2 deletions(-)
[master 1b877c8] Make IRCServer
 3 files changed, 5 insertions(+), 2 deletions(-)
[master fe505f1] Make IRCServer
 3 files changed, 3 insertions(+), 1 deletion(-)
[master 6f276d9] Make IRCServer
 3 files changed, 6 insertions(+), 3 deletions(-)
[master d0956f7] Make IRCServer
 3 files changed, 6 insertions(+), 3 deletions(-)
 rewrite IRCServer (68%)
[master fbe0b39] Make IRCServer
 3 files changed, 8 insertions(+), 6 deletions(-)
[master 22e8802] Make IRCServer
 3 files changed, 5 insertions(+), 3 deletions(-)
 rewrite IRCServer (67%)
[master 8ba0475] Make IRCServer
 3 files changed, 7 insertions(+), 3 deletions(-)
[master dfb4a4d] Make IRCServer
 3 files changed, 4 insertions(+), 2 deletions(-)
[master b3eea69] Make IRCServer
 3 files changed, 3 insertions(+), 1 deletion(-)
[master fa811b6] Make IRCServer
 3 files changed, 6 insertions(+), 3 deletions(-)
[master a9242c0] Make IRCServer
 3 files changed, 4 insertions(+), 2 deletions(-)
[master b282060] Make IRCServer
 3 files changed, 3 insertions(+), 1 deletion(-)
[master 5626dc7] Make IRCServer
 3 files changed, 10 insertions(+), 3 deletions(-)
[master e36562d] Make IRCServer
 4 files changed, 53 insertions(+), 23 deletions(-)
 rewrite IRCServer (73%)
[master 61f36cd] Make IRCServer
 3 files changed, 4 insertions(+), 1 deletion(-)
[master aa78792] Make IRCServer
 3 files changed, 5 insertions(+), 3 deletions(-)
 rewrite IRCServer (88%)
[master 28550d7] Make IRCServer
 3 files changed, 37 insertions(+), 10 deletions(-)
[master 97b67ad] Make IRCServer
 3 files changed, 10 insertions(+), 1 deletion(-)
[master 2d489e6] Make IRCServer
 3 files changed, 98 insertions(+), 74 deletions(-)
[master 6944a6e] Make IRCServer
 3 files changed, 21 insertions(+), 5 deletions(-)
 rewrite IRCServer (85%)
[master 328ef92] Make IRCServer
 4 files changed, 19 insertions(+), 1 deletion(-)
[master 976ede3] Make IRCServer
 3 files changed, 4 insertions(+), 1 deletion(-)
[master 672cf31] Make IRCServer
 3 files changed, 4 insertions(+)
[master 44b811e] Make IRCServer
 3 files changed, 4 insertions(+), 2 deletions(-)
[master 376e95b] Make IRCServer
 4 files changed, 5 insertions(+), 1 deletion(-)
[master 2c7a18f] Make IRCServer
 3 files changed, 4 insertions(+), 2 deletions(-)
[master 77b5321] Make IRCServer
 3 files changed, 6 insertions(+), 1 deletion(-)
[master dc0553c] Make IRCServer
 3 files changed, 3 insertions(+), 1 deletion(-)
[master 08a10c2] Make IRCServer
 3 files changed, 4 insertions(+)
[master a3d80d5] Make IRCServer
 3 files changed, 4 insertions(+), 2 deletions(-)
[master 3305701] Make IRCServer
 3 files changed, 5 insertions(+), 3 deletions(-)
[master 51af38d] Make IRCServer
 3 files changed, 4 insertions(+), 1 deletion(-)
[master bbb22e6] Make IRCServer
 3 files changed, 34 insertions(+), 30 deletions(-)
[master 58bf5ad] Make IRCServer
 3 files changed, 39 insertions(+), 19 deletions(-)
[master f2879fe] Make IRCServer
 3 files changed, 25 insertions(+), 16 deletions(-)
[master 12b34bc] Make IRCServer
 3 files changed, 20 insertions(+), 2 deletions(-)
 rewrite IRCServer (63%)
[master 6f67605] Make IRCServer
 3 files changed, 27 insertions(+), 2 deletions(-)
 rewrite IRCServer (76%)
[master df443aa] Make IRCServer
 3 files changed, 13 insertions(+), 1 deletion(-)
 rewrite IRCServer (61%)
[master 8f46da3] Make IRCServer
 3 files changed, 4 insertions(+)
[master a72b46f] Make IRCServer
 3 files changed, 21 insertions(+), 4 deletions(-)
[master 1e8b652] Make IRCServer
 3 files changed, 3 insertions(+)
[master 1970468] Make IRCServer
 3 files changed, 3 insertions(+), 1 deletion(-)
[master f369e02] Make IRCServer
 3 files changed, 9 insertions(+)
[master 4b06b71] Make IRCServer
 3 files changed, 9 insertions(+), 7 deletions(-)
[master 5032adf] Make IRCServer
 3 files changed, 3 insertions(+)
[master 0b00618] Make IRCServer
 3 files changed, 130 insertions(+), 128 deletions(-)
[master 70b4d57] Make IRCServer
 3 files changed, 9 insertions(+), 4 deletions(-)
[master 52e9138] Make IRCServer
 3 files changed, 23 insertions(+), 5 deletions(-)
 rewrite IRCServer (61%)
[master 49b21db] Make IRCServer
 3 files changed, 5 insertions(+), 2 deletions(-)
[master 24a79b0] Make IRCServer
 3 files changed, 3 insertions(+), 1 deletion(-)
[master ec30a42] Make IRCServer
 4 files changed, 20 insertions(+), 4 deletions(-)
 create mode 100644 .IRCServer.cc.swp
[master 51920df] Make IRCServer
 4 files changed, 6 insertions(+), 1 deletion(-)
 delete mode 100644 .IRCServer.cc.swp
[master d8b00b0] Make IRCServer
 3 files changed, 4 insertions(+), 1 deletion(-)
[master 2a76875] Make IRCServer
 3 files changed, 18 insertions(+), 2 deletions(-)
[master 1364c7f] Make IRCServer
 3 files changed, 5 insertions(+)
 rewrite IRCServer (63%)
[master 880874f] Make IRCServer
 3 files changed, 29 insertions(+), 6 deletions(-)
 rewrite IRCServer (61%)
[master 6cbaf58] Make IRCServer
 3 files changed, 7 insertions(+)
[master 63842eb] Make IRCServer
 3 files changed, 4 insertions(+), 1 deletion(-)
[master 497ea45] Make IRCServer
 3 files changed, 3 insertions(+), 1 deletion(-)
[master 4ab2a34] Make IRCServer
 3 files changed, 3 insertions(+), 1 deletion(-)
[master 06e9b31] Make IRCServer
 3 files changed, 3 insertions(+)
[master 5921532] Make IRCServer
 3 files changed, 4 insertions(+), 1 deletion(-)
[master 500645b] Make IRCServer
 3 files changed, 3 insertions(+)
[master 07211db] Make IRCServer
 3 files changed, 3 insertions(+), 1 deletion(-)
[master aa8dd22] Make IRCServer
 3 files changed, 3 insertions(+), 1 deletion(-)
[master 3fcb12b] Make IRCServer
 26 files changed, 1756 insertions(+), 102 deletions(-)
 rewrite HashTableVoidTest (84%)
 rewrite IRCServer (91%)
 create mode 100755 IRCServer.org
 create mode 100755 TestIRCServer
 create mode 100755 test-server1.sh
 create mode 100755 test-server10.sh
 create mode 100755 test-server2.sh
 create mode 100755 test-server3.sh
 create mode 100755 test-server4.sh
 create mode 100755 test-server5.sh
 create mode 100755 test-server6.sh
 create mode 100755 test-server7.sh
 create mode 100755 test-server8.sh
 create mode 100755 test-server9.sh
[master 108c04d] Make IRCServer
 3 files changed, 86 insertions(+), 13 deletions(-)
[master d99c5ad] Make IRCServer
 2 files changed, 3 insertions(+), 1 deletion(-)
[master 49a88f0] Make IRCServer
 2 files changed, 4 insertions(+), 2 deletions(-)
[master bb680a5] Make IRCServer
 6 files changed, 2 insertions(+), 10 deletions(-)
 delete mode 100644 diff.out
 delete mode 100644 password.txt
 delete mode 100644 prog.org.out
 delete mode 100644 prog.out
 delete mode 100644 total.out
[master 4afaf2d] Make IRCServer
 2 files changed, 8 insertions(+)
[master 7837434] 12 of 62
 9 files changed, 283 insertions(+), 1 deletion(-)
 create mode 100644 diff.out
 create mode 100644 password.txt
 create mode 100644 prog.org.out
 create mode 100644 prog.out
 create mode 100644 talk-server.out
 create mode 100644 total.out
[master 56f8d55] Make IRCServer
 3 files changed, 20 insertions(+), 2 deletions(-)
 rewrite IRCServer (68%)
[master 11068a7] Make IRCServer
 9 files changed, 15 insertions(+), 277 deletions(-)
 delete mode 100644 diff.out
 delete mode 100644 prog.org.out
 delete mode 100644 prog.out
 delete mode 100644 talk-server.out
 delete mode 100644 total.out
[master abe7386] Make IRCServer
 4 files changed, 10 insertions(+), 10 deletions(-)
[master c45df77] Make IRCServer
 5 files changed, 19 insertions(+), 7 deletions(-)
[master 375c97b] Make IRCServer
 3 files changed, 3 insertions(+), 1 deletion(-)
[master 3720a3d] Make IRCServer
 6 files changed, 18 insertions(+)
 create mode 100644 diff.out
 create mode 100644 prog.out
 create mode 100644 talk-server.out
[master 55fa4ca] Make IRCServer
 4 files changed, 11 insertions(+), 16 deletions(-)
[master 6df3428] Make IRCServer
 3 files changed, 3 insertions(+), 1 deletion(-)
[master e9aa94b] Make IRCServer
 3 files changed, 17 insertions(+), 21 deletions(-)
[master 83be082] Make IRCServer
 3 files changed, 4 insertions(+), 1 deletion(-)
[master 056d463] Make IRCServer
 4 files changed, 14 insertions(+), 15 deletions(-)
 rewrite IRCServer (61%)
 delete mode 100644 password.txt
[master 7b1470f] Make IRCServer
 4 files changed, 19 insertions(+), 11 deletions(-)
 rewrite IRCServer (72%)
 create mode 100644 password.txt
[master 8d2f853] Make IRCServer
 4 files changed, 7 insertions(+)
[master 298ce6b] Make IRCServer
 3 files changed, 3 insertions(+), 1 deletion(-)
[master dad133c] Make IRCServer
 3 files changed, 3 insertions(+)
[master da00ae8] Make IRCServer
 3 files changed, 5 insertions(+), 3 deletions(-)
[master 1e99ed7] Make IRCServer
 3 files changed, 7 insertions(+), 2 deletions(-)
[master d7858fd] Make IRCServer
 3 files changed, 13 insertions(+), 3 deletions(-)
[master c772999] Make IRCServer
 3 files changed, 4 insertions(+), 1 deletion(-)
[master b5f212c] Make IRCServer
 3 files changed, 10 insertions(+), 8 deletions(-)
[master a7fa4c4] Make IRCServer
 5 files changed, 2 insertions(+), 17 deletions(-)
 delete mode 100644 diff.out
 delete mode 100644 password.txt
 delete mode 100644 prog.out
 delete mode 100644 talk-server.out
[master af4edef] Make IRCServer
 4 files changed, 9 insertions(+), 2 deletions(-)
[master a8a78ae] Make IRCServer
 1 file changed, 2 insertions(+)
[master fce0a22] 12 of 62
 9 files changed, 282 insertions(+)
 create mode 100644 diff.out
 create mode 100644 password.txt
 create mode 100644 prog.org.out
 create mode 100644 prog.out
 create mode 100644 talk-server.out
 create mode 100644 total.out
[master dcd5994] Make IRCServer
 3 files changed, 10 insertions(+), 2 deletions(-)
[master 91f0114] Make IRCServer
 4 files changed, 6 insertions(+), 1 deletion(-)
[master eb21325] Make IRCServer
 7 files changed, 6 insertions(+), 272 deletions(-)
 delete mode 100644 diff.out
 delete mode 100644 prog.org.out
 delete mode 100644 prog.out
 delete mode 100644 talk-server.out
 delete mode 100644 total.out
[master ce136ab] Make IRCServer
 3 files changed, 13 insertions(+), 20 deletions(-)
 delete mode 100644 password.txt
 rewrite total.txt (63%)
[master d15db2e] Make IRCServer
 9 files changed, 49 insertions(+), 1 deletion(-)
 create mode 100644 diff.out
 create mode 100644 password.txt
 create mode 100644 prog.org.out
 create mode 100644 prog.out
 create mode 100644 talk-server.out
[master cdf531e] Make IRCServer
 5 files changed, 7 insertions(+), 39 deletions(-)
 delete mode 100644 diff.out
 delete mode 100644 prog.org.out
 delete mode 100644 prog.out
 delete mode 100644 talk-server.out
[master 0805467] Make IRCServer
 5 files changed, 25 insertions(+), 5 deletions(-)
 rewrite IRCServer (61%)
[master 312a39d] Make IRCServer
 3 files changed, 5 insertions(+)
 rewrite IRCServer (62%)
[master ce5e6f5] Make IRCServer
 2 files changed, 4 insertions(+), 1 deletion(-)
[master 53cee6d] Make IRCServer
 8 files changed, 15 insertions(+), 14 deletions(-)
 create mode 100644 diff.out
 create mode 100644 prog.out
 create mode 100644 talk-server.out
[master 188b2d8] Make IRCServer
 3 files changed, 6 insertions(+), 1 deletion(-)
[master 590f837] Make IRCServer
 5 files changed, 2 insertions(+), 8 deletions(-)
 delete mode 100644 diff.out
 delete mode 100644 password.txt
 delete mode 100644 prog.out
 delete mode 100644 talk-server.out
[master 432e233] Make IRCServer
 5 files changed, 31 insertions(+), 4 deletions(-)
 create mode 100644 password.txt
[master 7184bbc] Make IRCServer
 7 files changed, 8 insertions(+), 12 deletions(-)
 create mode 100644 diff.out
 delete mode 100644 password.txt
 create mode 100644 prog.out
 create mode 100644 talk-server.out
[master c61fb9f] Make IRCServer
 4 files changed, 6 insertions(+), 3 deletions(-)
 delete mode 100644 diff.out
 delete mode 100644 prog.out
 delete mode 100644 talk-server.out
[master 0650fdf] Make IRCServer
 7 files changed, 23 insertions(+), 3 deletions(-)
 create mode 100644 diff.out
 create mode 100644 prog.out
 create mode 100644 talk-server.out
[master 1e2b313] Make IRCServer
 4 files changed, 5 insertions(+), 11 deletions(-)
 delete mode 100644 diff.out
 delete mode 100644 prog.out
 delete mode 100644 talk-server.out
[master 92ef92a] Make IRCServer
 6 files changed, 22 insertions(+), 3 deletions(-)
 create mode 100644 diff.out
 create mode 100644 prog.out
 create mode 100644 talk-server.out
[master 50ba3a2] Make IRCServer
 4 files changed, 5 insertions(+), 14 deletions(-)
 delete mode 100644 diff.out
 delete mode 100644 prog.out
 delete mode 100644 talk-server.out
[master b2ca800] Make IRCServer
 5 files changed, 16 insertions(+), 6 deletions(-)
 create mode 100644 password.txt
[master 19d62f0] Make IRCServer
 7 files changed, 103 insertions(+), 12 deletions(-)
 create mode 100644 diff.out
 delete mode 100644 password.txt
 create mode 100644 prog.out
 create mode 100644 talk-server.out
[master f4d09cb] Make IRCServer
 3 files changed, 10 insertions(+), 1 deletion(-)
 create mode 100644 password.txt
[master eaf55e5] Make IRCServer
 3 files changed, 4 insertions(+), 1 deletion(-)
[master 9276aa3] Make IRCServer
 3 files changed, 6 insertions(+), 2 deletions(-)
[master d9e5b59] Make IRCServer
 3 files changed, 4 insertions(+), 2 deletions(-)
[master 332f15f] Make IRCServer
 5 files changed, 2 insertions(+), 92 deletions(-)
 delete mode 100644 diff.out
 delete mode 100644 password.txt
 delete mode 100644 prog.out
 delete mode 100644 talk-server.out
[master 3605e7b] Make IRCServer
 9 files changed, 323 insertions(+), 1 deletion(-)
 create mode 100644 diff.out
 create mode 100644 password.txt
 create mode 100644 prog.org.out
 create mode 100644 prog.out
 create mode 100644 talk-server.out
[master 7dc78a5] Make IRCServer
 5 files changed, 7 insertions(+), 311 deletions(-)
 delete mode 100644 diff.out
 delete mode 100644 prog.org.out
 delete mode 100644 prog.out
 delete mode 100644 talk-server.out
[master b8d2ab3] 47 of 62
 9 files changed, 273 insertions(+), 5 deletions(-)
 create mode 100644 diff.out
 create mode 100644 prog.org.out
 create mode 100644 prog.out
 create mode 100644 talk-server.out
 create mode 100644 total.out
[master da52dad] Make IRCServer
 4 files changed, 15 insertions(+), 13 deletions(-)
[master 77ae58e] Make IRCServer
 6 files changed, 2 insertions(+), 250 deletions(-)
 delete mode 100644 diff.out
 delete mode 100644 prog.org.out
 delete mode 100644 prog.out
 delete mode 100644 talk-server.out
 delete mode 100644 total.out
[master c70d6fd] Make IRCServer
 5 files changed, 20 insertions(+), 22 deletions(-)
 rewrite total.txt (63%)
[master 11d91de] 47 of 62
 9 files changed, 260 insertions(+), 5 deletions(-)
 create mode 100644 diff.out
 create mode 100644 prog.org.out
 create mode 100644 prog.out
 create mode 100644 talk-server.out
 create mode 100644 total.out
[master b4aac82] Make IRCServer
 4 files changed, 13 insertions(+), 9 deletions(-)
[master 206140d] Make IRCServer
 3 files changed, 8 insertions(+), 1 deletion(-)
[master b7e01e5] Make IRCServer
 6 files changed, 2 insertions(+), 236 deletions(-)
 delete mode 100644 diff.out
 delete mode 100644 prog.org.out
 delete mode 100644 prog.out
 delete mode 100644 talk-server.out
 delete mode 100644 total.out
[master 0578078] 12 of 62
 9 files changed, 307 insertions(+), 11 deletions(-)
 create mode 100644 diff.out
 create mode 100644 prog.org.out
 create mode 100644 prog.out
 create mode 100644 talk-server.out
 create mode 100644 total.out
[master b770e6c] Make IRCServer
 2 files changed, 8 insertions(+), 1 deletion(-)
[master b5a87ea] Make IRCServer
 4 files changed, 7 insertions(+), 10 deletions(-)
[master 515dff5] Make IRCServer
 3 files changed, 4 insertions(+), 1 deletion(-)
[master 7bff6bd] Make IRCServer
 4 files changed, 7 insertions(+), 8 deletions(-)
[master 69bbee9] Make IRCServer
 3 files changed, 6 insertions(+), 1 deletion(-)
[master d3caf0f] Make IRCServer
 7 files changed, 2 insertions(+), 283 deletions(-)
 delete mode 100644 diff.out
 delete mode 100644 password.txt
 delete mode 100644 prog.org.out
 delete mode 100644 prog.out
 delete mode 100644 talk-server.out
 delete mode 100644 total.out
[master c707c7a] 47 of 62
 9 files changed, 271 insertions(+), 16 deletions(-)
 create mode 100644 diff.out
 create mode 100644 password.txt
 create mode 100644 prog.org.out
 create mode 100644 prog.out
 create mode 100644 talk-server.out
 create mode 100644 total.out
 rewrite total.txt (63%)
[master f8cfe63] Make IRCServer
 8 files changed, 11 insertions(+), 238 deletions(-)
 delete mode 100644 diff.out
 delete mode 100644 prog.org.out
 delete mode 100644 prog.out
 delete mode 100644 talk-server.out
 delete mode 100644 total.out
[master 0d53a72] 47 of 62
 7 files changed, 229 insertions(+)
 create mode 100644 diff.out
 create mode 100644 prog.org.out
 create mode 100644 prog.out
 create mode 100644 talk-server.out
 create mode 100644 total.out
[master 8764d8d] Make IRCServer
 6 files changed, 7 insertions(+), 220 deletions(-)
 delete mode 100644 diff.out
 delete mode 100644 prog.org.out
 delete mode 100644 prog.out
 delete mode 100644 talk-server.out
 delete mode 100644 total.out
[master a3c85be] Make IRCServer
 3 files changed, 10 insertions(+), 2 deletions(-)
[master 2e486f1] 52 of 62
 8 files changed, 221 insertions(+), 1 deletion(-)
 create mode 100644 diff.out
 create mode 100644 prog.org.out
 create mode 100644 prog.out
 create mode 100644 talk-server.out
 create mode 100644 total.out
[master 9ca8638] Make IRCServer
 8 files changed, 11 insertions(+), 220 deletions(-)
 delete mode 100644 diff.out
 delete mode 100644 prog.org.out
 delete mode 100644 prog.out
 delete mode 100644 talk-server.out
 delete mode 100644 total.out
[master 11da67d] Make IRCServer
 8 files changed, 238 insertions(+), 8 deletions(-)
 create mode 100644 diff.out
 create mode 100644 prog.out
 create mode 100644 talk-server.out
[master 81dff26] Make IRCServer
 4 files changed, 5 insertions(+), 221 deletions(-)
 delete mode 100644 diff.out
 delete mode 100644 prog.out
 delete mode 100644 talk-server.out
[master 752a1f0] 57 of 62
 9 files changed, 225 insertions(+), 4 deletions(-)
 create mode 100644 diff.out
 create mode 100644 prog.org.out
 create mode 100644 prog.out
 create mode 100644 talk-server.out
 create mode 100644 total.out
[master 830500e] Make IRCServer
 3 files changed, 9 insertions(+), 2 deletions(-)
[master c57fb57] Make IRCServer
 6 files changed, 2 insertions(+), 216 deletions(-)
 delete mode 100644 diff.out
 delete mode 100644 prog.org.out
 delete mode 100644 prog.out
 delete mode 100644 talk-server.out
 delete mode 100644 total.out
[master 1cac941] 57 of 62
 7 files changed, 225 insertions(+)
 create mode 100644 diff.out
 create mode 100644 prog.org.out
 create mode 100644 prog.out
 create mode 100644 talk-server.out
 create mode 100644 total.out
[master ac2557a] Make IRCServer
 3 files changed, 9 insertions(+), 2 deletions(-)
[master 3547373] Make IRCServer
 4 files changed, 8 insertions(+), 11 deletions(-)
[master 149f8c6] Make IRCServer
 4 files changed, 165 insertions(+)
[master 6d56c96] Make IRCServer
 5 files changed, 230 insertions(+), 161 deletions(-)
 rewrite talk-server.out (61%)
[master e1243f2] Make IRCServer
 5 files changed, 166 insertions(+), 229 deletions(-)
 rewrite talk-server.out (61%)
[master bd4be6f] Make IRCServer
 3 files changed, 6 insertions(+), 1 deletion(-)
[master e1060cb] Make IRCServer
 3 files changed, 3 insertions(+)
[master d4ebfc2] Make IRCServer
 8 files changed, 4 insertions(+), 373 deletions(-)
 delete mode 100644 diff.out
 delete mode 100644 prog.org.out
 delete mode 100644 prog.out
 delete mode 100644 talk-server.out
 delete mode 100644 total.out
[master d379c58] 47 of 62
 9 files changed, 236 insertions(+), 6 deletions(-)
 create mode 100644 diff.out
 create mode 100644 prog.org.out
 create mode 100644 prog.out
 create mode 100644 talk-server.out
 create mode 100644 total.out
[master 1c89e4e] Make IRCServer
 3 files changed, 9 insertions(+), 1 deletion(-)
[master a09fa4c] Make IRCServer
 5 files changed, 164 insertions(+), 11 deletions(-)
[master 27ee21c] Make IRCServer
 3 files changed, 8 insertions(+), 2 deletions(-)
[master ce4d8fb] Make IRCServer
 6 files changed, 2 insertions(+), 371 deletions(-)
 delete mode 100644 diff.out
 delete mode 100644 prog.org.out
 delete mode 100644 prog.out
 delete mode 100644 talk-server.out
 delete mode 100644 total.out
[master b75e3fa] 62 of 62
 9 files changed, 237 insertions(+), 7 deletions(-)
 create mode 100644 diff.out
 create mode 100644 prog.org.out
 create mode 100644 prog.out
 create mode 100644 talk-server.out
 create mode 100644 total.out
[master 30bea14] Make IRCServer
 3 files changed, 11 insertions(+), 4 deletions(-)
[master e73af03] Make IRCServer
 5 files changed, 165 insertions(+), 13 deletions(-)
[master 67b3828] Make IRCServer
 12 files changed, 879 insertions(+)
 create mode 100644 lab7-src.tar
 create mode 100644 lab7-src/Makefile
 create mode 100644 lab7-src/TestIRCServer.c
 create mode 100644 lab7-src/entry.c
 create mode 100644 lab7-src/hello.c
 create mode 100644 lab7-src/panned.c
 create mode 100644 lab7-src/radio.c
 create mode 100644 lab7-src/talk-client.c
 create mode 100644 lab7-src/timer.c
[master 64b99da] Make IRCServer
 6 files changed, 11 insertions(+), 371 deletions(-)
 delete mode 100644 diff.out
 delete mode 100644 prog.org.out
 delete mode 100644 prog.out
 delete mode 100644 talk-server.out
 delete mode 100644 total.out
[master 39650a4] Make IRCServer
 9 files changed, 73 insertions(+), 16 deletions(-)
 create mode 100644 diff.out
 create mode 100644 prog.org.out
 create mode 100644 prog.out
 create mode 100644 talk-server.out
 rewrite total.txt (63%)
[master 4476190] Make IRCServer
 4 files changed, 21 insertions(+), 13 deletions(-)
[master beaa72e] Make IRCServer
 3 files changed, 8 insertions(+), 12 deletions(-)
[master e246ea4] Make IRCServer
 4 files changed, 6 insertions(+), 3 deletions(-)
[master d55959d] Make IRCServer
 3 files changed, 4 insertions(+), 1 deletion(-)
[master 191ecc9] Make IRCServer
 4 files changed, 11 insertions(+), 6 deletions(-)
[master 68bec54] Make IRCServer
 4 files changed, 4 insertions(+), 1 deletion(-)
[master 71dc158] Make IRCServer
 4 files changed, 4 insertions(+), 1 deletion(-)
[master 688238f] Make IRCServer
 4 files changed, 10 insertions(+), 9 deletions(-)
[master 53a3023] Make IRCServer
 4 files changed, 12 insertions(+), 5 deletions(-)
[master 4833333] Make IRCServer
 4 files changed, 4 insertions(+), 12 deletions(-)
[master 38fc85a] Make IRCServer
 4 files changed, 6 insertions(+), 3 deletions(-)
[master 531ddf4] Make IRCServer
 4 files changed, 9 insertions(+), 1 deletion(-)
[master 70d1b58] Make IRCServer
 4 files changed, 4 insertions(+)
[master 32738ff] Make IRCServer
 4 files changed, 5 insertions(+)
[master eb31e8c] Make IRCServer
 4 files changed, 4 insertions(+), 1 deletion(-)
[master 8d640a5] Make IRCServer
 4 files changed, 15 insertions(+), 11 deletions(-)
[master c2a9c9c] Make IRCServer
 4 files changed, 8 insertions(+), 1 deletion(-)
[master 6573e01] Make IRCServer
 4 files changed, 13 insertions(+), 3 deletions(-)
[master df286d3] Make IRCServer
 3 files changed, 16 insertions(+), 3 deletions(-)
[master c10fabd] Make IRCServer
 4 files changed, 9 insertions(+)
[master 440608c] Make IRCServer
 4 files changed, 5 insertions(+)
[master 138334c] Make IRCServer
 4 files changed, 49 insertions(+), 4 deletions(-)
 rewrite IRCServer (74%)
[master aabe872] Make IRCServer
 4 files changed, 7 insertions(+), 3 deletions(-)
[master 9d7fb45] Make IRCServer
 3 files changed, 11 insertions(+), 36 deletions(-)
[master 2854f14] Make IRCServer
 3 files changed, 5 insertions(+), 2 deletions(-)
[master 3f17bda] Make IRCServer
 3 files changed, 3 insertions(+), 1 deletion(-)
[master 317d92b] Make IRCServer
 3 files changed, 4 insertions(+), 2 deletions(-)
[master 290d848] Make IRCServer
 3 files changed, 3 insertions(+), 1 deletion(-)
[master 7d226dd] Make IRCServer
 3 files changed, 6 insertions(+), 2 deletions(-)
[master 079797b] Make IRCServer
 3 files changed, 10 insertions(+), 9 deletions(-)
[master f18e9c7] Make IRCServer
 3 files changed, 5 insertions(+), 1 deletion(-)
[master 1a315af] Make IRCServer
 4 files changed, 5 insertions(+), 20 deletions(-)
 delete mode 100644 password.txt
[master 238322f] Make IRCServer
 4 files changed, 6 insertions(+), 2 deletions(-)
 create mode 100644 password.txt
[master 9e48304] Make IRCServer
 4 files changed, 6 insertions(+)
[master 6930b5c] Make IRCServer
 3 files changed, 6 insertions(+), 1 deletion(-)
[master 905c079] Make IRCServer
 3 files changed, 4 insertions(+), 1 deletion(-)
[master 4854136] Make IRCServer
 4 files changed, 6 insertions(+), 2 deletions(-)
[master bd47acc] Make IRCServer
 4 files changed, 4 insertions(+), 1 deletion(-)
[master 53e40a2] Make IRCServer
 3 files changed, 4 insertions(+), 1 deletion(-)
[master 1a30cc5] Make IRCServer
 3 files changed, 5 insertions(+), 2 deletions(-)
[master b42be13] Make IRCServer
 2 files changed, 3 insertions(+)
[master 94cafcc] Make IRCServer
 3 files changed, 3 insertions(+), 1 deletion(-)
[master 76419aa] Make IRCServer
 3 files changed, 3 insertions(+)
[master 47c69ac] Make IRCServer
 4 files changed, 6 insertions(+), 2 deletions(-)
[master d51cc6e] Make IRCServer
 4 files changed, 8 insertions(+), 1 deletion(-)
[master b8d0fc4] Make IRCServer
 3 files changed, 3 insertions(+), 1 deletion(-)
[master 8ddc228] Make IRCServer
 3 files changed, 8 insertions(+), 6 deletions(-)
[master dc28183] Make IRCServer
 3 files changed, 4 insertions(+), 2 deletions(-)
[master 68f6137] Make IRCServer
 4 files changed, 11 insertions(+), 8 deletions(-)
[master ff1ecfe] Make IRCServer
 6 files changed, 3 insertions(+), 61 deletions(-)
 delete mode 100644 diff.out
 delete mode 100644 prog.org.out
 delete mode 100644 prog.out
 delete mode 100644 talk-server.out
[master df045a0] 47 of 62
 9 files changed, 244 insertions(+), 4 deletions(-)
 create mode 100644 diff.out
 create mode 100644 prog.org.out
 create mode 100644 prog.out
 create mode 100644 talk-server.out
 create mode 100644 total.out
[master 13a976f] Make IRCServer
 8 files changed, 30 insertions(+), 313 deletions(-)
 rewrite IRCServer (80%)
 delete mode 100644 diff.out
 delete mode 100644 prog.org.out
 delete mode 100644 prog.out
 delete mode 100644 talk-server.out
 delete mode 100644 total.out
[master 19847c6] 62 of 62
 8 files changed, 229 insertions(+), 3 deletions(-)
 create mode 100644 diff.out
 create mode 100644 prog.org.out
 create mode 100644 prog.out
 create mode 100644 talk-server.out
 create mode 100644 total.out
[master 2becb8c] Make IRCServer
 10 files changed, 1147 insertions(+), 217 deletions(-)
 create mode 100755 IRCServer1
 create mode 100644 IRCServer1.cc
 delete mode 100644 diff.out
 delete mode 100644 prog.org.out
 delete mode 100644 prog.out
 delete mode 100644 talk-server.out
 delete mode 100644 total.out
[master 4776055] Make IRCServer
 3 files changed, 19 insertions(+), 22 deletions(-)
 rewrite total.txt (63%)
[master c6d694e] Make IRCServer
 1 file changed, 3 insertions(+)
[master c4612ce] 62 of 62
 9 files changed, 230 insertions(+), 7 deletions(-)
 create mode 100644 diff.out
 create mode 100644 prog.org.out
 create mode 100644 prog.out
 create mode 100644 talk-server.out
 create mode 100644 total.out
