CS240: lab4. cs240 Mon Feb 16 10:16:28 EST 2015  Total:  21 of 112

CS240: lab4. cs240 Mon Feb 16 10:16:57 EST 2015  Total:  33 of 112

CS240: lab4. cs240 Mon Feb 16 10:17:48 EST 2015  Total:  33 of 112

CS240: lab4. cs240 Mon Feb 16 10:17:55 EST 2015  Total:  33 of 112

CS240: lab4. cs240 Mon Feb 16 11:08:32 EST 2015  Total:  36 of 115

CS240: lab4. owner Mon, Feb 16, 2015 8:34:34 PM  Total:  0 of 72

CS240: lab4. owner Mon, Feb 16, 2015 8:37:29 PM  Total:  72 of 72

CS240: lab4. cs240 Mon Feb 16 21:18:26 EST 2015  Total:  9 of 72

CS240: lab4. cs240 Mon Feb 16 21:22:59 EST 2015  Total:  9 of 72

CS240: lab4. juneja0 Wed Feb 18 21:07:39 EST 2015  Total:  12 of 72

CS240: lab4. juneja0 Wed Feb 18 21:16:03 EST 2015  Total:  15 of 72

CS240: lab4. juneja0 Wed Feb 18 21:18:23 EST 2015  Total:  15 of 72

CS240: lab4. juneja0 Wed Feb 18 21:19:03 EST 2015  Total:  15 of 72

CS240: lab4. juneja0 Wed Feb 18 21:19:20 EST 2015  Total:  18 of 72

CS240: lab4. juneja0 Wed Feb 18 21:21:44 EST 2015  Total:  21 of 72

CS240: lab4. juneja0 Wed Feb 18 21:25:20 EST 2015  Total:  21 of 72

CS240: lab4. juneja0 Wed Feb 18 21:26:53 EST 2015  Total:  21 of 72

CS240: lab4. juneja0 Wed Feb 18 21:31:00 EST 2015  Total:  24 of 72

CS240: lab4. juneja0 Wed Feb 18 22:08:00 EST 2015  Total:  7 of 72

CS240: lab4. juneja0 Wed Feb 18 22:52:53 EST 2015  Total:  13 of 72

CS240: lab4. juneja0 Wed Feb 18 22:55:46 EST 2015  Total:  13 of 72

CS240: lab4. juneja0 Wed Feb 18 22:56:35 EST 2015  Total:  16 of 72

CS240: lab4. juneja0 Fri Feb 20 15:43:35 EST 2015  Total:  16 of 72

CS240: lab4. juneja0 Fri Feb 20 15:45:00 EST 2015  Total:  16 of 72

CS240: lab4. juneja0 Fri Feb 20 15:50:33 EST 2015  Total:  19 of 72

CS240: lab4. juneja0 Fri Feb 20 15:53:54 EST 2015  Total:  19 of 75

CS240: lab4. juneja0 Fri Feb 20 15:59:29 EST 2015  Total:  19 of 75

CS240: lab4. juneja0 Fri Feb 20 16:10:55 EST 2015  Total:  19 of 75

CS240: lab4. juneja0 Fri Feb 20 16:12:15 EST 2015  Total:  19 of 75

CS240: lab4. juneja0 Fri Feb 20 16:15:06 EST 2015  Total:  19 of 75

CS240: lab4. juneja0 Fri Feb 20 16:18:33 EST 2015  Total:  22 of 75

CS240: lab4. juneja0 Fri Feb 20 16:25:42 EST 2015  Total:  25 of 75

CS240: lab4. juneja0 Fri Feb 20 16:37:06 EST 2015  Total:  28 of 75

CS240: lab4. juneja0 Fri Feb 20 16:41:26 EST 2015  Total:  28 of 75

CS240: lab4. juneja0 Fri Feb 20 16:43:07 EST 2015  Total:  28 of 75

CS240: lab4. juneja0 Fri Feb 20 16:45:28 EST 2015  Total:  48 of 75

CS240: lab4. juneja0 Fri Feb 20 17:11:32 EST 2015  Total:  48 of 75

CS240: lab4. juneja0 Fri Feb 20 21:14:52 EST 2015  Total:  48 of 75

CS240: lab4. juneja0 Tue Feb 24 02:13:48 EST 2015  Total:  51 of 75

CS240: lab4. juneja0 Tue Feb 24 21:53:18 EST 2015  Total:  54 of 75

CS240: lab4. juneja0 Tue Feb 24 22:03:53 EST 2015  Total:  54 of 75

CS240: lab4. juneja0 Tue Feb 24 22:25:17 EST 2015  Total:  54 of 75

CS240: lab4. juneja0 Tue Feb 24 22:26:17 EST 2015  Total:  57 of 75

CS240: lab4. juneja0 Tue Feb 24 22:36:37 EST 2015  Total:  57 of 75

CS240: lab4. juneja0 Tue Feb 24 22:37:16 EST 2015  Total:  57 of 75

CS240: lab4. juneja0 Tue Feb 24 22:38:53 EST 2015  Total:  57 of 75

CS240: lab4. juneja0 Tue Feb 24 22:39:56 EST 2015  Total:  57 of 75

CS240: lab4. juneja0 Tue Feb 24 22:42:02 EST 2015  Total:  57 of 75

CS240: lab4. juneja0 Tue Feb 24 22:44:34 EST 2015  Total:  57 of 75

CS240: lab4. juneja0 Tue Feb 24 22:48:03 EST 2015  Total:  57 of 75

CS240: lab4. juneja0 Tue Feb 24 22:49:19 EST 2015  Total:  60 of 75

CS240: lab4. juneja0 Tue Feb 24 23:20:11 EST 2015  Total:  60 of 75

CS240: lab4. juneja0 Tue Feb 24 23:22:03 EST 2015  Total:  60 of 75

CS240: lab4. juneja0 Tue Feb 24 23:36:31 EST 2015  Total:  60 of 75

CS240: lab4. juneja0 Tue Feb 24 23:42:13 EST 2015  Total:  60 of 75

CS240: lab4. juneja0 Wed Feb 25 16:13:28 EST 2015  Total:  60 of 75

CS240: lab4. juneja0 Wed Feb 25 16:33:33 EST 2015  Total:  63 of 75

CS240: lab4. juneja0 Wed Feb 25 16:53:50 EST 2015  Total:  63 of 75

CS240: lab4. juneja0 Wed Feb 25 17:45:09 EST 2015  Total:  63 of 75

CS240: lab4. juneja0 Wed Feb 25 18:04:41 EST 2015  Total:  63 of 75

CS240: lab4. juneja0 Wed Feb 25 18:09:02 EST 2015  Total:  63 of 75

CS240: lab4. juneja0 Wed Feb 25 18:09:47 EST 2015  Total:  63 of 75

CS240: lab4. juneja0 Wed Feb 25 18:43:36 EST 2015  Total:  63 of 75

CS240: lab4. juneja0 Wed Feb 25 18:45:55 EST 2015  Total:  63 of 75

CS240: lab4. juneja0 Wed Feb 25 22:02:12 EST 2015  Total:  63 of 75

CS240: lab4. juneja0 Wed Feb 25 22:43:33 EST 2015  Total:  63 of 75

CS240: lab4. juneja0 Wed Feb 25 22:49:20 EST 2015  Total:  66 of 75

CS240: lab4. juneja0 Wed Feb 25 23:03:33 EST 2015  Total:  66 of 75

CS240: lab4. juneja0 Wed Feb 25 23:08:18 EST 2015  Total:  66 of 75

CS240: lab4. juneja0 Wed Feb 25 23:13:12 EST 2015  Total:  66 of 75

CS240: lab4. juneja0 Wed Feb 25 23:14:17 EST 2015  Total:  66 of 75

CS240: lab4. juneja0 Wed Feb 25 23:18:11 EST 2015  Total:  66 of 75

CS240: lab4. juneja0 Wed Feb 25 23:18:46 EST 2015  Total:  66 of 75

CS240: lab4. juneja0 Wed Feb 25 23:20:39 EST 2015  Total:  66 of 75

CS240: lab4. juneja0 Wed Feb 25 23:22:22 EST 2015  Total:  69 of 75

CS240: lab4. juneja0 Wed Feb 25 23:26:28 EST 2015  Total:  69 of 75

CS240: lab4. juneja0 Wed Feb 25 23:38:18 EST 2015  Total:  69 of 75

CS240: lab4. juneja0 Wed Feb 25 23:40:25 EST 2015  Total:  69 of 75

CS240: lab4. juneja0 Wed Feb 25 23:54:08 EST 2015  Total:  69 of 75

CS240: lab4. juneja0 Wed Feb 25 23:57:15 EST 2015  Total:  69 of 75

CS240: lab4. juneja0 Thu Feb 26 00:00:46 EST 2015  Total:  69 of 75

CS240: lab4. juneja0 Thu Feb 26 15:28:30 EST 2015  Total:  72 of 75

CS240: lab4. juneja0 Thu Feb 26 15:31:52 EST 2015  Total:  72 of 75

CS240: lab4. juneja0 Thu Feb 26 15:32:29 EST 2015  Total:  75 of 75

