[master (root-commit) 96ec292] Make IRCclient
 17 files changed, 1213 insertions(+)
 create mode 100644 .local.git.out
 create mode 100755 IRCClient
 create mode 100644 IRCClient.c
 create mode 100644 Makefile
 create mode 100755 TestIRCServer
 create mode 100644 TestIRCServer.c
 create mode 100755 entry
 create mode 100644 entry.c
 create mode 100755 hello
 create mode 100644 hello.c
 create mode 100755 panned
 create mode 100644 panned.c
 create mode 100755 radio
 create mode 100644 radio.c
 create mode 100644 talk-client.c
 create mode 100755 timer
 create mode 100644 timer.c
[master 677dbb6] Make IRCClient
 2 files changed, 20 insertions(+), 1 deletion(-)
[master eda28bf] Make IRCClient
 1 file changed, 2 insertions(+)
[master dc104af] Make IRCClient
 3 files changed, 8 insertions(+), 2 deletions(-)
 rewrite IRCClient (67%)
[master cb72507] Make IRCClient
 3 files changed, 6 insertions(+), 3 deletions(-)
 rewrite IRCClient (68%)
[master daffe1b] Make IRCClient
 1 file changed, 3 insertions(+)
[master 234fdc0] Make IRCClient
 3 files changed, 32 insertions(+), 13 deletions(-)
[master 06ec261] Make IRCClient
 3 files changed, 8 insertions(+), 4 deletions(-)
 rewrite IRCClient (63%)
[master d9835d5] Make IRCClient
 3 files changed, 4 insertions(+), 1 deletion(-)
[master 56c938b] Make IRCClient
 3 files changed, 4 insertions(+), 2 deletions(-)
 rewrite IRCClient (63%)
[master 60d88cf] Make IRCClient
 3 files changed, 5 insertions(+), 2 deletions(-)
 rewrite IRCClient (62%)
[master 16b86f6] Make IRCClient
 3 files changed, 5 insertions(+), 2 deletions(-)
 rewrite IRCClient (62%)
[master 4e95978] Make IRCClient
 3 files changed, 5 insertions(+), 2 deletions(-)
[master d3ef33c] Make IRCClient
 3 files changed, 4 insertions(+), 2 deletions(-)
[master 6c9269d] Make IRCClient
 2 files changed, 3 insertions(+), 1 deletion(-)
[master 8c2ffcf] Make IRCClient
 3 files changed, 3 insertions(+), 1 deletion(-)
 rewrite IRCClient (62%)
[master bd13751] Make IRCClient
 3 files changed, 4 insertions(+), 1 deletion(-)
 rewrite IRCClient (62%)
[master 4b95d02] Make IRCClient
 2 files changed, 4 insertions(+), 1 deletion(-)
[master 7bdabed] Make IRCClient
 1 file changed, 2 insertions(+)
[master 2752b4d] Make IRCClient
 3 files changed, 5 insertions(+), 3 deletions(-)
 rewrite IRCClient (62%)
[master 08ee660] Make IRCClient
 3 files changed, 4 insertions(+)
 rewrite IRCClient (62%)
[master 6744fe8] Make IRCClient
 3 files changed, 6 insertions(+), 2 deletions(-)
 rewrite IRCClient (74%)
[master 405825b] Make IRCClient
 3 files changed, 8 insertions(+), 3 deletions(-)
[master 7ca80be] Make IRCClient
 3 files changed, 6 insertions(+)
[master 326da6f] Make IRCClient
 3 files changed, 6 insertions(+), 3 deletions(-)
[master 5823451] Make IRCClient
 3 files changed, 3 insertions(+), 1 deletion(-)
[master 6666fc0] Make IRCClient
 3 files changed, 3 insertions(+), 1 deletion(-)
[master dfb0778] Make IRCClient
 3 files changed, 51 insertions(+), 4 deletions(-)
[master af1ce81] Make IRCClient
 1 file changed, 2 insertions(+)
[master c1d6a38] Make IRCClient
 3 files changed, 4 insertions(+), 1 deletion(-)
[master 2b3f303] Make IRCClient
 3 files changed, 10 insertions(+), 2 deletions(-)
 rewrite IRCClient (75%)
[master 2933679] Make IRCClient
 3 files changed, 6 insertions(+), 2 deletions(-)
[master 340f63a] Make IRCClient
 3 files changed, 6 insertions(+), 2 deletions(-)
 rewrite IRCClient (77%)
[master 195626a] Make IRCClient
 3 files changed, 5 insertions(+), 2 deletions(-)
[master be961fc] Make IRCClient
 3 files changed, 3 insertions(+), 1 deletion(-)
[master 7ccd697] Make IRCClient
 3 files changed, 3 insertions(+), 1 deletion(-)
[master eac32f3] Make IRCClient
 3 files changed, 10 insertions(+), 7 deletions(-)
 rewrite IRCClient (77%)
[master c86fa99] Make IRCClient
 3 files changed, 5 insertions(+), 1 deletion(-)
[master f5408bc] Make IRCClient
 3 files changed, 5 insertions(+), 2 deletions(-)
 rewrite IRCClient (73%)
[master f7ee677] Make IRCClient
 3 files changed, 5 insertions(+), 2 deletions(-)
 rewrite IRCClient (77%)
[master d628e1b] Make IRCClient
 3 files changed, 5 insertions(+)
 rewrite IRCClient (77%)
[master 5b16eae] Make IRCClient
 3 files changed, 6 insertions(+), 2 deletions(-)
[master 2fc1023] Make IRCClient
 3 files changed, 3 insertions(+), 1 deletion(-)
[master 3c8d3cd] Make IRCClient
 3 files changed, 6 insertions(+), 5 deletions(-)
[master f0c3707] Make IRCClient
 3 files changed, 3 insertions(+), 1 deletion(-)
[master ca95a9b] Make IRCClient
 3 files changed, 3 insertions(+), 1 deletion(-)
[master 91a2af3] Make IRCClient
 3 files changed, 7 insertions(+), 3 deletions(-)
[master 11ef583] Make IRCClient
 3 files changed, 10 insertions(+), 3 deletions(-)
 rewrite IRCClient (70%)
[master 0dacbb7] Make IRCClient
 3 files changed, 9 insertions(+), 1 deletion(-)
[master 027289c] Make IRCClient
 3 files changed, 4 insertions(+), 2 deletions(-)
[master 5bf73f6] Make IRCClient
 3 files changed, 6 insertions(+), 4 deletions(-)
 rewrite IRCClient (67%)
[master 3333ca5] Make IRCClient
 3 files changed, 5 insertions(+)
[master 5d2c80d] Make IRCClient
 1 file changed, 2 insertions(+)
[master 675f730] Make IRCClient
 3 files changed, 6 insertions(+), 1 deletion(-)
[master 1f7abc4] Make IRCClient
 3 files changed, 4 insertions(+), 2 deletions(-)
[master 76ab72a] Make IRCClient
 3 files changed, 4 insertions(+), 2 deletions(-)
[master 4889dd7] Make IRCClient
 3 files changed, 5 insertions(+), 2 deletions(-)
[master 8a041b1] Make IRCClient
 3 files changed, 20 insertions(+), 4 deletions(-)
 rewrite IRCClient (71%)
[master 26a48b3] Make IRCClient
 3 files changed, 5 insertions(+), 2 deletions(-)
[master b50616d] Make IRCClient
 3 files changed, 3 insertions(+), 1 deletion(-)
[master 50ed55b] Make IRCClient
 3 files changed, 4 insertions(+), 2 deletions(-)
[master 06a56c3] Make IRCClient
 3 files changed, 6 insertions(+), 4 deletions(-)
[master c0b6e2f] Make IRCClient
 1 file changed, 2 insertions(+)
[master 8abfff7] Make IRCClient
 3 files changed, 4 insertions(+), 2 deletions(-)
[master d3f50e9] Make IRCClient
 3 files changed, 5 insertions(+), 3 deletions(-)
 rewrite IRCClient (67%)
[master 7406e23] Make IRCClient
 3 files changed, 5 insertions(+), 2 deletions(-)
[master f5fff10] Make IRCClient
 3 files changed, 3 insertions(+), 1 deletion(-)
[master 32d7a9a] Make IRCClient
 3 files changed, 5 insertions(+), 2 deletions(-)
[master 3011196] Make IRCClient
 3 files changed, 7 insertions(+), 2 deletions(-)
 rewrite IRCClient (79%)
[master 338560f] Make IRCClient
 3 files changed, 4 insertions(+), 1 deletion(-)
[master 8090c9f] Make IRCClient
 3 files changed, 23 insertions(+), 14 deletions(-)
 rewrite IRCClient (69%)
[master d3d56b4] Make IRCClient
 1 file changed, 3 insertions(+)
[master 8d5e9a4] Make IRCClient
 3 files changed, 3 insertions(+), 1 deletion(-)
[master a332fdf] Make IRCClient
 1 file changed, 2 insertions(+)
[master 4bed56a] Make IRCClient
 3 files changed, 22 insertions(+), 3 deletions(-)
 rewrite IRCClient (76%)
[master 7711b4c] Make IRCClient
 3 files changed, 11 insertions(+), 3 deletions(-)
[master 48f41dc] Make IRCClient
 3 files changed, 17 insertions(+), 8 deletions(-)
 rewrite IRCClient (81%)
[master eb8239f] Make IRCClient
 3 files changed, 22 insertions(+), 1 deletion(-)
 rewrite IRCClient (88%)
[master a5e62e6] Make IRCClient
 3 files changed, 20 insertions(+), 16 deletions(-)
 rewrite IRCClient (84%)
[master 0b15ad6] Make IRCClient
 2 files changed, 4 insertions(+), 1 deletion(-)
[master 2354e46] Make IRCClient
 3 files changed, 4 insertions(+), 2 deletions(-)
[master f174e67] Make IRCClient
 3 files changed, 3 insertions(+), 1 deletion(-)
[master 01f28f8] Make IRCClient
 3 files changed, 5 insertions(+), 3 deletions(-)
[master f17d1dd] Make IRCClient
 3 files changed, 4 insertions(+), 1 deletion(-)
 rewrite IRCClient (87%)
[master 4853853] Make IRCClient
 3 files changed, 8 insertions(+), 5 deletions(-)
 rewrite IRCClient (71%)
[master 57ebbc2] Make IRCClient
 3 files changed, 4 insertions(+), 1 deletion(-)
[master d1473f2] Make IRCClient
 3 files changed, 5 insertions(+), 2 deletions(-)
 rewrite IRCClient (86%)
[master fd348d9] Make IRCClient
 3 files changed, 15 insertions(+), 10 deletions(-)
 rewrite IRCClient (89%)
[master d7525d8] Make IRCClient
 3 files changed, 4 insertions(+), 19 deletions(-)
[master e055894] Make IRCClient
 3 files changed, 3 insertions(+), 1 deletion(-)
[master cca4709] Make IRCClient
 3 files changed, 3 insertions(+), 4 deletions(-)
[master f7ed85c] Make IRCClient
 3 files changed, 3 insertions(+), 1 deletion(-)
[master a86b910] Make IRCClient
 3 files changed, 3 insertions(+), 1 deletion(-)
[master cef1b38] Make IRCClient
 3 files changed, 3 insertions(+), 1 deletion(-)
[master dd9c24e] Make IRCClient
 3 files changed, 6 insertions(+), 2 deletions(-)
 rewrite IRCClient (79%)
[master 43cedc3] Make IRCClient
 3 files changed, 8 insertions(+), 16 deletions(-)
 rewrite IRCClient (78%)
[master 19cb02d] Make IRCClient
 3 files changed, 5 insertions(+), 2 deletions(-)
 rewrite IRCClient (68%)
[master de0c83c] Make IRCClient
 3 files changed, 7 insertions(+), 3 deletions(-)
[master 80a4dec] Make IRCClient
 3 files changed, 10 insertions(+), 5 deletions(-)
 rewrite IRCClient (77%)
[master ef04978] Make IRCClient
 3 files changed, 14 insertions(+), 10 deletions(-)
 rewrite IRCClient (85%)
[master c29ab5b] Make IRCClient
 3 files changed, 4 insertions(+), 1 deletion(-)
 rewrite IRCClient (76%)
[master 94e465c] Make IRCClient
 3 files changed, 6 insertions(+), 2 deletions(-)
 rewrite IRCClient (77%)
[master 762f019] Make IRCClient
 3 files changed, 6 insertions(+), 2 deletions(-)
 rewrite IRCClient (82%)
[master 5830ab3] Make IRCClient
 3 files changed, 6 insertions(+), 3 deletions(-)
 rewrite IRCClient (82%)
[master 39aefda] Make IRCClient
 3 files changed, 5 insertions(+), 2 deletions(-)
[master 1317c7a] Make IRCClient
 3 files changed, 3 insertions(+), 1 deletion(-)
[master 2a2c775] Make IRCClient
 3 files changed, 4 insertions(+), 2 deletions(-)
[master 4ec2286] Make IRCClient
 3 files changed, 5 insertions(+), 3 deletions(-)
[master ed92483] Make IRCClient
 3 files changed, 3 insertions(+), 1 deletion(-)
[master 7359864] Make IRCClient
 3 files changed, 4 insertions(+), 2 deletions(-)
[master b22a3e4] Make IRCClient
 3 files changed, 3 insertions(+), 1 deletion(-)
[master fcc5cfc] Make IRCClient
 3 files changed, 3 insertions(+), 1 deletion(-)
[master ed3bd4a] Make IRCClient
 3 files changed, 9 insertions(+)
[master a605dba] Make IRCClient
 3 files changed, 3 insertions(+)
[master 2c00b14] Make IRCClient
 3 files changed, 3 insertions(+), 1 deletion(-)
[master 2e34c98] Make IRCClient
 3 files changed, 12 insertions(+), 1 deletion(-)
 rewrite IRCClient (90%)
[master e1842ce] Make IRCClient
 3 files changed, 26 insertions(+), 7 deletions(-)
 rewrite IRCClient (76%)
[master 520cf81] Make IRCClient
 3 files changed, 4 insertions(+), 1 deletion(-)
[master 7830051] Make IRCClient
 3 files changed, 4 insertions(+), 1 deletion(-)
[master f083d3c] Make IRCClient
 1 file changed, 2 insertions(+)
[master 41bfc15] Make IRCClient
 1 file changed, 2 insertions(+)
[master 996413d] Make IRCClient
 3 files changed, 3 insertions(+), 1 deletion(-)
[master 6558593] Make IRCClient
 1 file changed, 2 insertions(+)
[master 957abb9] Make IRCClient
 3 files changed, 4 insertions(+), 2 deletions(-)
 rewrite IRCClient (72%)
[master 4e6f615] Make IRCClient
 3 files changed, 8 insertions(+), 4 deletions(-)
 rewrite IRCClient (71%)
[master 87ae7b2] Make IRCClient
 3 files changed, 9 insertions(+), 4 deletions(-)
[master c9dd06e] Make IRCClient
 1 file changed, 2 insertions(+)
[master 33e99d8] Make IRCClient
 3 files changed, 34 insertions(+), 4 deletions(-)
 rewrite IRCClient (70%)
[master 2d6cd4a] Make IRCClient
 3 files changed, 15 insertions(+), 11 deletions(-)
[master 5482084] Make IRCClient
 3 files changed, 6 insertions(+), 1 deletion(-)
[master 7c5fea1] Make IRCClient
 3 files changed, 3 insertions(+), 1 deletion(-)
[master 4735fb1] Make IRCClient
 3 files changed, 5 insertions(+), 3 deletions(-)
[master 943effa] Make IRCClient
 3 files changed, 6 insertions(+), 9 deletions(-)
[master 8994d92] Make IRCClient
 3 files changed, 3 insertions(+), 1 deletion(-)
[master bda7209] Make IRCClient
 3 files changed, 3 insertions(+), 1 deletion(-)
[master 5c4e2f7] Make IRCClient
 3 files changed, 3 insertions(+), 1 deletion(-)
[master f57514c] Make IRCClient
 1 file changed, 2 insertions(+)
[master 47f9282] Make IRCClient
 3 files changed, 9 insertions(+), 2 deletions(-)
[master b5fb39c] Make IRCClient
 3 files changed, 4 insertions(+), 1 deletion(-)
[master 307448b] Make IRCClient
 3 files changed, 6 insertions(+)
[master 9bb2282] Make IRCClient
 3 files changed, 25 insertions(+), 2 deletions(-)
 rewrite IRCClient (71%)
[master e06eb28] Make IRCClient
 3 files changed, 21 insertions(+), 12 deletions(-)
[master a7ff860] Make IRCClient
 3 files changed, 66 insertions(+), 13 deletions(-)
[master fbbe2a3] Make IRCClient
 2 files changed, 3 insertions(+), 1 deletion(-)
[master c38406e] Make IRCClient
 3 files changed, 3 insertions(+), 1 deletion(-)
[master 1d4a700] Make IRCClient
 3 files changed, 3 insertions(+), 1 deletion(-)
[master 77102ca] Make IRCClient
 3 files changed, 3 insertions(+), 1 deletion(-)
[master 11a44f4] Make IRCClient
 3 files changed, 9 insertions(+), 5 deletions(-)
 rewrite IRCClient (79%)
[master 02fc81b] Make IRCClient
 1 file changed, 3 insertions(+)
[master 3e311d6] Make IRCClient
 3 files changed, 3 insertions(+), 1 deletion(-)
[master d3d3aa3] Make IRCClient
 3 files changed, 5 insertions(+), 1 deletion(-)
[master 0ba4608] Make IRCClient
 3 files changed, 4 insertions(+), 2 deletions(-)
[master 1f8f0c0] Make IRCClient
 3 files changed, 7 insertions(+), 4 deletions(-)
 rewrite IRCClient (79%)
[master 1c3eaf0] Make IRCClient
 3 files changed, 4 insertions(+), 1 deletion(-)
[master 9c1a52f] Make IRCClient
 3 files changed, 4 insertions(+), 2 deletions(-)
[master 2121b1b] Make IRCClient
 3 files changed, 3 insertions(+)
[master 518cbdf] Make IRCClient
 1 file changed, 2 insertions(+)
[master 63a4e87] Make IRCClient
 3 files changed, 5 insertions(+), 1 deletion(-)
[master eb4032c] Make IRCClient
 3 files changed, 21 insertions(+), 19 deletions(-)
 rewrite IRCClient (82%)
[master b576622] Make IRCClient
 1 file changed, 3 insertions(+)
[master 809d63d] Make IRCClient
 3 files changed, 22 insertions(+), 19 deletions(-)
 rewrite IRCClient (82%)
[master 7b37f4b] Make IRCClient
 3 files changed, 15 insertions(+), 4 deletions(-)
[master c183660] Make IRCClient
 3 files changed, 4 insertions(+), 1 deletion(-)
 rewrite IRCClient (79%)
[master 2e120a2] Make IRCClient
 3 files changed, 9 insertions(+), 1 deletion(-)
 rewrite IRCClient (78%)
[master fa47cf0] Make IRCClient
 3 files changed, 4 insertions(+), 1 deletion(-)
[master d113711] Make IRCClient
 3 files changed, 37 insertions(+)
[master 7ef6cbb] Make IRCClient
 3 files changed, 6 insertions(+), 4 deletions(-)
 rewrite IRCClient (75%)
[master afa2c24] Make IRCClient
 3 files changed, 8 insertions(+), 4 deletions(-)
[master 393adf1] Make IRCClient
 3 files changed, 18 insertions(+), 16 deletions(-)
[master fce4c3f] Make IRCClient
 3 files changed, 9 insertions(+), 7 deletions(-)
[master bca0aa2] Make IRCClient
 3 files changed, 22 insertions(+)
[master e764736] Make IRCClient
 3 files changed, 7 insertions(+), 1 deletion(-)
[master 933f593] Make IRCClient
 3 files changed, 4 insertions(+), 1 deletion(-)
[master 7f6cf08] Make IRCClient
 1 file changed, 2 insertions(+)
[master 2188bd6] Make IRCClient
 3 files changed, 7 insertions(+), 26 deletions(-)
[master 15ab304] Make IRCClient
 3 files changed, 13 insertions(+), 9 deletions(-)
 rewrite IRCClient (75%)
[master 9f25dca] Make IRCClient
 3 files changed, 9 insertions(+), 2 deletions(-)
[master 73f899d] Make IRCClient
 3 files changed, 6 insertions(+), 4 deletions(-)
 rewrite IRCClient (83%)
[master d009f84] Make IRCClient
 3 files changed, 60 insertions(+), 33 deletions(-)
[master 40228c5] Make IRCClient
 3 files changed, 4 insertions(+), 2 deletions(-)
[master 00c7e4f] Make IRCClient
 1 file changed, 2 insertions(+)
[master 6f857c2] Make IRCClient
 3 files changed, 7 insertions(+), 4 deletions(-)
[master ba5dd72] Make IRCClient
 3 files changed, 9 insertions(+), 7 deletions(-)
[master 61650fc] Make IRCClient
 3 files changed, 4 insertions(+), 2 deletions(-)
[master 8509b11] Make IRCClient
 3 files changed, 4 insertions(+), 1 deletion(-)
[master 5c96304] Make IRCClient
 3 files changed, 3 insertions(+), 1 deletion(-)
[master 0b20e7c] Make IRCClient
 3 files changed, 4 insertions(+), 8 deletions(-)
[master 6f41e75] Make IRCClient
 3 files changed, 35 insertions(+), 2 deletions(-)
[master 0aea03c] Make IRCClient
 3 files changed, 3 insertions(+), 1 deletion(-)
[master d6e5c7a] Make IRCClient
 3 files changed, 4 insertions(+), 2 deletions(-)
 rewrite IRCClient (61%)
[master cd02b4e] Make IRCClient
 1 file changed, 3 insertions(+)
[master 3710880] Make IRCClient
 3 files changed, 3 insertions(+), 5 deletions(-)
 rewrite IRCClient (68%)
[master 5579cdc] Make IRCClient
 2 files changed, 622 insertions(+), 90 deletions(-)
[master 5cad85b] Make IRCClient
 3 files changed, 6 insertions(+), 1 deletion(-)
 create mode 100755 talk-client
[master 45e225b] Make IRCClient
 3 files changed, 7 insertions(+)
[master b6add81] Make IRCClient
 2 files changed, 3 insertions(+), 1 deletion(-)
[master 16be7ef] Make IRCClient
 2 files changed, 3 insertions(+), 1 deletion(-)
[master 0c7a87f] Make IRCClient
 3 files changed, 5 insertions(+), 1 deletion(-)
 rewrite talk-client (72%)
[master 3b2d8bf] Make IRCClient
 3 files changed, 5 insertions(+), 2 deletions(-)
[master 09ae536] Make IRCClient
 3 files changed, 3 insertions(+), 3 deletions(-)
 rewrite talk-client (72%)
[master e242014] Make IRCClient
 3 files changed, 4 insertions(+)
[master 37077ba] Make IRCClient
 3 files changed, 9 insertions(+), 2 deletions(-)
 rewrite talk-client (73%)
[master f8d6526] Make IRCClient
 3 files changed, 10 insertions(+), 8 deletions(-)
[master 91df3e9] Make IRCClient
 3 files changed, 3 insertions(+), 8 deletions(-)
[master 03f47c4] Make IRCClient
 3 files changed, 10 insertions(+), 1 deletion(-)
[master bd221e3] Make IRCClient
 3 files changed, 3 insertions(+), 1 deletion(-)
[master 4558e6c] Make IRCClient
 1 file changed, 2 insertions(+)
[master 3ee9533] Make IRCClient
 1 file changed, 2 insertions(+)
[master 4d5af6f] Make IRCClient
 1 file changed, 2 insertions(+)
[master 3a7660d] Make IRCClient
 1 file changed, 2 insertions(+)
[master 3597503] Make IRCClient
 3 files changed, 3 insertions(+), 1 deletion(-)
[master 9c94d5e] Make IRCClient
 3 files changed, 8 insertions(+), 5 deletions(-)
[master efefe78] Make IRCClient
 2 files changed, 2 insertions(+)
 delete mode 100755 IRCClient
