[master (root-commit) 41691c6] Commit search engine
 Committer: CS251 Account <cs251@data.cs.purdue.edu>
Your name and email address were configured automatically based
on your username and hostname. Please check that they are accurate.
You can suppress this message by setting them explicitly:

    git config --global user.name "Your Name"
    git config --global user.email you@example.com

After doing this, you may fix the identity used for this commit with:

    git commit --amend --reset-author

 18 files changed, 1463 insertions(+)
 create mode 100644 Makefile
 create mode 100644 array-dictionary.cpp
 create mode 100644 array-dictionary.h
 create mode 100644 avl-dictionary.cpp
 create mode 100644 avl-dictionary.h
 create mode 100644 avl-dictionary2.cpp
 create mode 100644 bsearch-dictionary.cpp
 create mode 100644 bsearch-dictionary.h
 create mode 100644 dictionary.h
 create mode 100644 hash-dictionary.cpp
 create mode 100644 hash-dictionary.h
 create mode 100644 minihttpd.cpp
 create mode 100644 minihttpd.h
 create mode 100644 search-engine.cpp
 create mode 100644 search-engine.h
 create mode 100644 test-avl.cpp
 create mode 100644 test-dict.cpp
 create mode 100644 webcrawl.h
On branch master
Untracked files:
	#avl-dictionary2.cpp#
	.local.git.out
	Makefile~
	array-dictionary.o
	avl-dictionary.cpp~
	avl-dictionary.h~
	avl-dictionary.o
	avl-dictionary2.cpp~
	avl-dictionary2.o
	bsearch-dictionary.o
	data
	hash-dictionary.o
	lab4-test
	left
	minihttpd.cpp~
	minihttpd.o
	right
	search-engine
	search-engine.cpp~
	search-engine.o
	test-avl
	test-avl.cpp~
	test-dict
	test-dict.cpp~
	testall

nothing added to commit but untracked files present
[master 4fa1887] Commit search engine
 Committer: CS251 Account <cs251@data.cs.purdue.edu>
Your name and email address were configured automatically based
on your username and hostname. Please check that they are accurate.
You can suppress this message by setting them explicitly:

    git config --global user.name "Your Name"
    git config --global user.email you@example.com

After doing this, you may fix the identity used for this commit with:

    git commit --amend --reset-author

 1 file changed, 2 insertions(+), 2 deletions(-)
On branch master
Untracked files:
	#avl-dictionary2.cpp#
	.local.git.out
	Makefile~
	array-dictionary.o
	avl-dictionary.cpp~
	avl-dictionary.h~
	avl-dictionary.o
	avl-dictionary2.cpp~
	avl-dictionary2.o
	bsearch-dictionary.o
	data
	hash-dictionary.o
	lab4-test
	left
	minihttpd.cpp~
	minihttpd.o
	right
	search-engine
	search-engine.cpp~
	search-engine.o
	test-avl
	test-avl.cpp~
	test-dict
	test-dict.cpp~
	testall

nothing added to commit but untracked files present
On branch master
Untracked files:
	#avl-dictionary2.cpp#
	.local.git.out
	Makefile~
	array-dictionary.o
	avl-dictionary.cpp~
	avl-dictionary.h~
	avl-dictionary.o
	avl-dictionary2.cpp~
	avl-dictionary2.o
	bsearch-dictionary.o
	data
	hash-dictionary.o
	lab4-test
	left
	minihttpd.cpp~
	minihttpd.o
	right
	search-engine
	search-engine.cpp~
	search-engine.o
	test-avl
	test-avl.cpp~
	test-dict
	test-dict.cpp~
	testall

nothing added to commit but untracked files present
On branch master
Untracked files:
	#avl-dictionary2.cpp#
	.local.git.out
	Makefile~
	array-dictionary.o
	avl-dictionary.cpp~
	avl-dictionary.h~
	avl-dictionary.o
	avl-dictionary2.cpp~
	avl-dictionary2.o
	bsearch-dictionary.o
	data
	hash-dictionary.o
	lab4-test
	left
	minihttpd.cpp~
	minihttpd.o
	right
	search-engine
	search-engine.cpp~
	search-engine.o
	test-avl
	test-avl.cpp~
	test-dict
	test-dict.cpp~
	testall

nothing added to commit but untracked files present
On branch master
Untracked files:
	#avl-dictionary2.cpp#
	.local.git.out
	Makefile~
	array-dictionary.o
	avl-dictionary.cpp~
	avl-dictionary.h~
	avl-dictionary.o
	avl-dictionary2.cpp~
	avl-dictionary2.o
	bsearch-dictionary.o
	data
	hash-dictionary.o
	lab4-test
	left
	minihttpd.cpp~
	minihttpd.o
	right
	search-engine
	search-engine.cpp~
	search-engine.o
	test-avl
	test-avl.cpp~
	test-dict
	test-dict.cpp~
	testall

nothing added to commit but untracked files present
On branch master
Untracked files:
	#avl-dictionary2.cpp#
	.local.git.out
	Makefile~
	array-dictionary.o
	avl-dictionary.cpp~
	avl-dictionary.h~
	avl-dictionary.o
	avl-dictionary2.cpp~
	avl-dictionary2.o
	bsearch-dictionary.o
	data
	hash-dictionary.o
	lab4-test
	left
	minihttpd.cpp~
	minihttpd.o
	right
	search-engine
	search-engine.cpp~
	search-engine.o
	test-avl
	test-avl.cpp~
	test-dict
	test-dict.cpp~
	testall

nothing added to commit but untracked files present
On branch master
Untracked files:
	.local.git.out
	array-dictionary.o
	avl-dictionary.o
	avl-dictionary2.o
	bsearch-dictionary.o
	data
	hash-dictionary.o
	left
	minihttpd.o
	right
	search-engine
	search-engine.o
	test-avl
	test-dict
	testall

nothing added to commit but untracked files present
On branch master
Untracked files:
	.local.git.out
	array-dictionary.o
	avl-dictionary.o
	avl-dictionary2.o
	bsearch-dictionary.o
	data
	hash-dictionary.o
	left
	minihttpd.o
	right
	search-engine
	search-engine.o
	test-avl
	test-dict
	testall

nothing added to commit but untracked files present
On branch master
Untracked files:
	.local.git.out
	array-dictionary.o
	avl-dictionary.o
	avl-dictionary2.o
	bsearch-dictionary.o
	data
	hash-dictionary.o
	left
	minihttpd.o
	right
	search-engine
	search-engine.o
	test-avl
	test-dict
	testall

nothing added to commit but untracked files present
[master a426128] Commit search engine
 Committer: CS251 Account <cs251@data.cs.purdue.edu>
Your name and email address were configured automatically based
on your username and hostname. Please check that they are accurate.
You can suppress this message by setting them explicitly:

    git config --global user.name "Your Name"
    git config --global user.email you@example.com

After doing this, you may fix the identity used for this commit with:

    git commit --amend --reset-author

 2 files changed, 2 insertions(+), 1 deletion(-)
 create mode 100644 testall.out
[master 3fb2589] Commit search engine
 2 files changed, 34 insertions(+), 2 deletions(-)
[master 027d552] Commit search engine
 1 file changed, 17 insertions(+), 1 deletion(-)
[master 7631c3f] Commit search engine
 19 files changed, 41 insertions(+), 4 deletions(-)
 mode change 100644 => 100755 Makefile
 mode change 100644 => 100755 array-dictionary.cpp
 mode change 100644 => 100755 array-dictionary.h
 mode change 100644 => 100755 avl-dictionary.cpp
 mode change 100644 => 100755 avl-dictionary.h
 mode change 100644 => 100755 avl-dictionary2.cpp
 mode change 100644 => 100755 bsearch-dictionary.cpp
 mode change 100644 => 100755 bsearch-dictionary.h
 mode change 100644 => 100755 dictionary.h
 mode change 100644 => 100755 hash-dictionary.cpp
 mode change 100644 => 100755 hash-dictionary.h
 mode change 100644 => 100755 minihttpd.cpp
 mode change 100644 => 100755 minihttpd.h
 mode change 100644 => 100755 search-engine.cpp
 mode change 100644 => 100755 search-engine.h
 mode change 100644 => 100755 test-avl.cpp
 mode change 100644 => 100755 test-dict.cpp
 mode change 100644 => 100755 testall.out
 mode change 100644 => 100755 webcrawl.h
[master dbe35c8] Commit search engine
 2 files changed, 7 insertions(+)
[master 564aea5] Commit search engine
 1 file changed, 4 insertions(+)
[master 8e28a90] Commit search engine
 1 file changed, 2 insertions(+), 2 deletions(-)
[master 10cbd94] Commit search engine
 1 file changed, 3 insertions(+), 2 deletions(-)
[master 4ee72fb] Commit search engine
 2 files changed, 2 insertions(+), 1 deletion(-)
[master 5d12277] Commit search engine
 1 file changed, 1 insertion(+), 1 deletion(-)
[master 034f8e7] Commit search engine
 1 file changed, 5 insertions(+), 1 deletion(-)
[master f4bcbc9] Commit search engine
 1 file changed, 1 insertion(+), 4 deletions(-)
[master 52ed041] Commit search engine
 1 file changed, 43 insertions(+), 1 deletion(-)
[master e962066] Commit search engine
 1 file changed, 15 insertions(+), 50 deletions(-)
[master 02a0d16] Commit search engine
 1 file changed, 2 insertions(+), 1 deletion(-)
[master 226ee87] Commit search engine
 1 file changed, 2 insertions(+)
[master dfa07ca] Commit search engine
 2 files changed, 13 insertions(+), 1 deletion(-)
[master 1a57655] Commit search engine
 2 files changed, 10 insertions(+), 8 deletions(-)
[master 2ec0db6] Commit search engine
 2 files changed, 50 insertions(+), 18 deletions(-)
[master 6583e8e] Commit search engine
 2 files changed, 24 insertions(+), 49 deletions(-)
[master 9e98f0b] Commit search engine
 2 files changed, 5 insertions(+)
[master 180dfd1] Commit search engine
 2 files changed, 3 insertions(+), 1 deletion(-)
[master 0bac1a5] Commit search engine
 2 files changed, 2 insertions(+), 1 deletion(-)
[master d440653] Commit search engine
 2 files changed, 60 insertions(+), 2 deletions(-)
[master 097d1b5] Commit search engine
 10 files changed, 783 insertions(+), 3 deletions(-)
 create mode 100644 HashTableTemplate.h
 create mode 100644 SimpleHTMLParser.cpp
 create mode 100644 SimpleHTMLParser.h
 create mode 100644 fetchHTML.h
 create mode 100644 webcrawler.h
[master bf615a0] Commit search engine
 1 file changed, 48 insertions(+)
[master ea79182] Commit search engine
 1 file changed, 63 insertions(+), 3 deletions(-)
[master 819eda9] Commit search engine
 1 file changed, 58 insertions(+), 2 deletions(-)
[master ccb8f6f] Commit search engine
 1 file changed, 177 insertions(+), 1 deletion(-)
[master 00e7ea9] Commit search engine
 1 file changed, 2 insertions(+), 2 deletions(-)
[master 65f9834] Commit search engine
 2 files changed, 222 insertions(+), 1 deletion(-)
[master ba0849e] Commit search engine
 1 file changed, 264 insertions(+), 277 deletions(-)
[master 3f30a5b] Commit search engine
 2 files changed, 279 insertions(+), 264 deletions(-)
[master c8651d9] Commit search engine
 1 file changed, 1 insertion(+), 192 deletions(-)
[master 8f5cb94] Commit search engine
 2 files changed, 124 insertions(+), 401 deletions(-)
 rewrite avl-dictionary.cpp (61%)
[master 3a2ae79] Commit search engine
 2 files changed, 18 insertions(+), 1 deletion(-)
[master 1bc08c0] Commit search engine
 2 files changed, 59 insertions(+), 1 deletion(-)
[master a3ee8fd] Commit search engine
 1 file changed, 55 deletions(-)
[master 3507a7d] Commit search engine
 3 files changed, 132 insertions(+), 20 deletions(-)
[master 69a1d2f] Commit search engine
 2 files changed, 24 insertions(+), 5 deletions(-)
[master c520372] Commit search engine
 1 file changed, 3 insertions(+), 2 deletions(-)
[master f1486a7] Commit search engine
 1 file changed, 58 insertions(+), 2 deletions(-)
On branch master
Untracked files:
	.local.git.out
	array-dictionary.o
	avl-dictionary.o
	avl-dictionary2.o
	bsearch-dictionary.o
	data
	hash-dictionary.o
	left
	minihttpd.o
	right
	search-engine
	search-engine.o
	test-avl
	test-dict
	testall
	url.txt
	word.txt

nothing added to commit but untracked files present
[master 8c54949] Commit search engine
 2 files changed, 178 insertions(+)
[master 5bb38c2] Commit search engine
 2 files changed, 3 insertions(+), 1 deletion(-)
[master 01052a3] Commit search engine
 1 file changed, 10 insertions(+), 6 deletions(-)
[master 9a507ef] Commit search engine
 1 file changed, 12 insertions(+), 8 deletions(-)
[master 5b72e38] Commit search engine
 1 file changed, 1 insertion(+), 1 deletion(-)
[master 37400ed] Commit search engine
 1 file changed, 4 insertions(+), 4 deletions(-)
On branch master
Untracked files:
	.local.git.out
	.nfs00000000009053e6000013d7
	.nfs000000000090a08d000013d5
	.nfs000000000090a0c4000013d6
	.nfs000000000090a193000013d9
	.nfs000000000090a484000013d8
	.nfs000000000090a489000013da
	array-dictionary.o
	avl-dictionary.o
	avl-dictionary2.o
	bsearch-dictionary.o
	data
	hash-dictionary.o
	left
	minihttpd.o
	right
	search-engine
	search-engine.o
	test-avl
	test-dict
	testall
	url.txt
	word.txt

nothing added to commit but untracked files present
[master 0928eec] Commit search engine
 1 file changed, 6 insertions(+), 6 deletions(-)
[master 0ad5758] Commit search engine
 1 file changed, 10 insertions(+), 6 deletions(-)
[master daaadd1] Commit search engine
 1 file changed, 4 insertions(+), 3 deletions(-)
[master 33053ef] Commit search engine
 1 file changed, 2 insertions(+), 1 deletion(-)
[master e98383e] Commit search engine
 1 file changed, 1 insertion(+)
[master 20efe1f] Commit search engine
 1 file changed, 1 insertion(+), 1 deletion(-)
[master 17deaf1] Commit search engine
 1 file changed, 4 insertions(+), 4 deletions(-)
[master e7fe9a4] Commit search engine
 1 file changed, 48 insertions(+), 40 deletions(-)
[master bbc864b] Commit search engine
 1 file changed, 41 insertions(+), 49 deletions(-)
[master 8424500] Commit search engine
 1 file changed, 1 insertion(+), 1 deletion(-)
[master 7273147] Commit search engine
 1 file changed, 1 insertion(+), 1 deletion(-)
[master d24a2a8] Commit search engine
 1 file changed, 1 insertion(+), 1 deletion(-)
[master c0a7e6b] Commit search engine
 1 file changed, 2 insertions(+)
[master 8c6a0f5] Commit search engine
 1 file changed, 1 insertion(+), 1 deletion(-)
[master a146c60] Commit search engine
 1 file changed, 1 insertion(+), 1 deletion(-)
[master b478282] Commit search engine
 1 file changed, 3 insertions(+), 3 deletions(-)
[master 76fab61] Commit search engine
 1 file changed, 3 insertions(+), 3 deletions(-)
[master 66e15f0] Commit search engine
 1 file changed, 2 insertions(+), 2 deletions(-)
[master 08e05b7] Commit search engine
 1 file changed, 1 insertion(+), 1 deletion(-)
[master ddb8cec] Commit search engine
 1 file changed, 1 insertion(+), 1 deletion(-)
[master e3a446b] Commit search engine
 1 file changed, 14 insertions(+), 37 deletions(-)
[master 38f47ab] Commit search engine
 1 file changed, 4 insertions(+), 3 deletions(-)
[master 916c906] Commit search engine
 1 file changed, 2 insertions(+), 2 deletions(-)
[master 1920ed7] Commit search engine
 1 file changed, 2 insertions(+)
[master a8fab8d] Commit search engine
 1 file changed, 6 insertions(+), 1 deletion(-)
[master 9a6dc5a] Commit search engine
 1 file changed, 2 insertions(+), 1 deletion(-)
[master fa00393] Commit search engine
 1 file changed, 5 insertions(+)
[master 2d698b9] Commit search engine
 1 file changed, 2 insertions(+)
[master 1f978d6] Commit search engine
 1 file changed, 2 insertions(+), 1 deletion(-)
[master c4810f8] Commit search engine
 1 file changed, 4 insertions(+), 2 deletions(-)
[master 3b0f78e] Commit search engine
 1 file changed, 2 insertions(+), 2 deletions(-)
[master c263605] Commit search engine
 1 file changed, 1 insertion(+), 1 deletion(-)
[master 5b67b88] Commit search engine
 1 file changed, 1 insertion(+), 1 deletion(-)
[master 8adf90a] Commit search engine
 2 files changed, 7 insertions(+), 7 deletions(-)
[master 3886da9] Commit search engine
 1 file changed, 2 insertions(+), 2 deletions(-)
[master aac8070] Commit search engine
 1 file changed, 2 insertions(+), 2 deletions(-)
[master 4642abc] Commit search engine
 1 file changed, 5 insertions(+), 5 deletions(-)
[master 6316095] Commit search engine
 1 file changed, 7 insertions(+), 3 deletions(-)
[master 27657a0] Commit search engine
 1 file changed, 1 insertion(+), 1 deletion(-)
[master e714a27] Commit search engine
 1 file changed, 2 insertions(+), 1 deletion(-)
[master c359eec] Commit search engine
 1 file changed, 1 insertion(+), 1 deletion(-)
[master 560dc7f] Commit search engine
 1 file changed, 2 insertions(+), 1 deletion(-)
[master 63f594d] Commit search engine
 1 file changed, 5 insertions(+), 5 deletions(-)
[master d6c4f04] Commit search engine
 1 file changed, 4 insertions(+), 4 deletions(-)
[master 26dfb9f] Commit search engine
 1 file changed, 8 insertions(+), 5 deletions(-)
[master 0763478] Commit search engine
 1 file changed, 1 insertion(+), 1 deletion(-)
On branch master
Untracked files:
	.local.git.out
	.nfs000000000090093400001404
	.nfs0000000000904d5d000013dc
	.nfs00000000009053e6000013d7
	.nfs000000000090894900001407
	.nfs00000000009097ee00001403
	.nfs000000000090a0370000142c
	.nfs000000000090a08d000013d5
	.nfs000000000090a0c4000013d6
	.nfs000000000090a193000013d9
	.nfs000000000090a1c600001430
	.nfs000000000090a243000013db
	.nfs000000000090a3a60000142d
	.nfs000000000090a3d50000142f
	.nfs000000000090a484000013d8
	.nfs000000000090a489000013da
	.nfs000000000090a4910000142e
	array-dictionary.o
	avl-dictionary.o
	avl-dictionary2.o
	bsearch-dictionary.o
	data
	hash-dictionary.o
	left
	minihttpd.o
	right
	search-engine
	search-engine.o
	test-avl
	test-dict
	testall
	url.txt
	word.txt

nothing added to commit but untracked files present
[master 9e842ff] Commit search engine
 1 file changed, 1 insertion(+), 1 deletion(-)
[master b96a35c] Commit search engine
 1 file changed, 26 insertions(+), 7 deletions(-)
[master 6c181ab] Commit search engine
 1 file changed, 12 insertions(+), 4 deletions(-)
[master 3cc920a] Commit search engine
 1 file changed, 1 insertion(+), 1 deletion(-)
[master d9542a4] Commit search engine
 1 file changed, 2 insertions(+), 1 deletion(-)
[master 40a91e1] Commit search engine
 1 file changed, 1 insertion(+), 1 deletion(-)
[master 6d69fce] Commit search engine
 1 file changed, 2 insertions(+), 2 deletions(-)
[master 5209687] Commit search engine
 1 file changed, 1 insertion(+), 1 deletion(-)
[master 851a20f] Commit search engine
 1 file changed, 1 insertion(+), 1 deletion(-)
[master 396c511] Commit search engine
 1 file changed, 3 insertions(+), 3 deletions(-)
[master bcba8b6] Commit search engine
 1 file changed, 1 insertion(+)
[master da97afd] Commit search engine
 1 file changed, 1 insertion(+), 1 deletion(-)
[master eec2a42] Commit search engine
 1 file changed, 1 insertion(+), 1 deletion(-)
[master b9edd56] Commit search engine
 1 file changed, 3 insertions(+), 3 deletions(-)
[master 1dbacc3] Commit search engine
 1 file changed, 1 insertion(+), 1 deletion(-)
[master a9bdde5] Commit search engine
 1 file changed, 1 insertion(+), 1 deletion(-)
[master 2b3306c] Commit search engine
 1 file changed, 1 insertion(+), 1 deletion(-)
[master cbf9d6c] Commit search engine
 1 file changed, 1 insertion(+), 1 deletion(-)
[master d5ed4de] Commit search engine
 1 file changed, 2 insertions(+), 2 deletions(-)
[master 8cd9b30] Commit search engine
 1 file changed, 3 insertions(+), 3 deletions(-)
On branch master
Untracked files:
	.local.git.out
	array-dictionary.o
	avl-dictionary.o
	avl-dictionary2.o
	bsearch-dictionary.o
	data
	hash-dictionary.o
	left
	minihttpd.o
	right
	search-engine
	search-engine.o
	test-avl
	test-dict
	testall
	url.txt
	word.txt

nothing added to commit but untracked files present
[master 27de37d] Commit search engine
 2 files changed, 4 insertions(+), 1 deletion(-)
[master 7e37c34] Commit search engine
 1 file changed, 1 insertion(+), 1 deletion(-)
[master f026d04] Commit search engine
 1 file changed, 1 insertion(+), 1 deletion(-)
[master b9d5aae] Commit search engine
 1 file changed, 2 insertions(+)
[master ce30396] Commit search engine
 1 file changed, 1 insertion(+), 1 deletion(-)
On branch master
Untracked files:
	.local.git.out
	.nfs000000000090a4ac000014b2
	array-dictionary.o
	avl-dictionary.o
	avl-dictionary2.o
	bsearch-dictionary.o
	data
	hash-dictionary.o
	left
	minihttpd.o
	right
	search-engine
	search-engine.o
	test-avl
	test-dict
	testall
	url.txt
	word.txt

nothing added to commit but untracked files present
[master 948c15e] Commit search engine
 1 file changed, 1 insertion(+), 1 deletion(-)
[master d53646e] Commit search engine
 2 files changed, 8 insertions(+), 8 deletions(-)
[master accbc0a] Commit search engine
 2 files changed, 2 insertions(+), 1 deletion(-)
[master db3a56f] Commit search engine
 1 file changed, 1 insertion(+), 1 deletion(-)
[master a29ec04] Commit search engine
 1 file changed, 1 insertion(+), 1 deletion(-)
On branch master
Untracked files:
	.local.git.out
	.nfs000000000090a3d1000014cf
	.nfs000000000090a4ac000014b2
	array-dictionary.o
	avl-dictionary.o
	avl-dictionary2.o
	bsearch-dictionary.o
	data
	hash-dictionary.o
	left
	minihttpd.o
	right
	search-engine
	search-engine.o
	test-avl
	test-dict
	testall
	url.txt
	word.txt

nothing added to commit but untracked files present
[master 15ec244] Commit search engine
 1 file changed, 1 insertion(+), 1 deletion(-)
[master 02c922f] Commit search engine
 2 files changed, 3 insertions(+), 2 deletions(-)
On branch master
Untracked files:
	.local.git.out
	array-dictionary.o
	avl-dictionary.o
	avl-dictionary2.o
	bsearch-dictionary.o
	data
	hash-dictionary.o
	left
	minihttpd.o
	right
	search-engine
	search-engine.o
	test-avl
	test-dict
	testall
	url.txt
	word.txt

nothing added to commit but untracked files present
