[master (root-commit) c4292e6] 10 of 100
 Committer: CS251 Account <cs251@data.cs.purdue.edu>
Your name and email address were configured automatically based
on your username and hostname. Please check that they are accurate.
You can suppress this message by setting them explicitly:

    git config --global user.name "Your Name"
    git config --global user.email you@example.com

After doing this, you may fix the identity used for this commit with:

    git commit --amend --reset-author

 25 files changed, 2712 insertions(+)
 create mode 100644 .local.git.out
 create mode 100644 HashTableTemplate.h
 create mode 100644 HashTableTemplateTest.cc
 create mode 100644 HashTableVoid.cc
 create mode 100644 HashTableVoid.h
 create mode 100644 HashTableVoidTest.cc
 create mode 100644 ListTemplate.h
 create mode 100644 ListTemplateTest.cc
 create mode 100644 Makefile
 create mode 100644 MyString.cc
 create mode 100644 MyString.h
 create mode 100644 TestMyString.cc
 create mode 100644 TestMyString.s
 create mode 100644 greetings.txt
 create mode 100644 mygrep.cc
 create mode 100644 out1
 create mode 100644 out2
 create mode 100644 results.txt
 create mode 100755 testWcTemplate
 create mode 100755 testWcVoid
 create mode 100755 testall
 create mode 100644 total.out
 create mode 100644 wcTemplate.cc
 create mode 100644 wcVoid.cc
 create mode 100755 wcVoidExample
[master 19f4497] 13 of 100
 Committer: CS251 Account <cs251@data.cs.purdue.edu>
Your name and email address were configured automatically based
on your username and hostname. Please check that they are accurate.
You can suppress this message by setting them explicitly:

    git config --global user.name "Your Name"
    git config --global user.email you@example.com

After doing this, you may fix the identity used for this commit with:

    git commit --amend --reset-author

 8 files changed, 42 insertions(+), 3 deletions(-)
 create mode 100755 HashTableTemplateTest
 create mode 100755 HashTableVoidTest
 create mode 100755 TestMyString
 create mode 100755 wcTemplate
 create mode 100755 wcVoid
[master aeffe87] 3 of 100
 Committer: CS251 Account <cs251@data.cs.purdue.edu>
Your name and email address were configured automatically based
on your username and hostname. Please check that they are accurate.
You can suppress this message by setting them explicitly:

    git config --global user.name "Your Name"
    git config --global user.email you@example.com

After doing this, you may fix the identity used for this commit with:

    git commit --amend --reset-author

 8 files changed, 655 insertions(+), 6 deletions(-)
 create mode 100755 wcTemplateExample
 rewrite wcVoidExample (98%)
[master 03bcaaf] 3 of 100
 Committer: CS251 Account <cs251@data.cs.purdue.edu>
Your name and email address were configured automatically based
on your username and hostname. Please check that they are accurate.
You can suppress this message by setting them explicitly:

    git config --global user.name "Your Name"
    git config --global user.email you@example.com

After doing this, you may fix the identity used for this commit with:

    git commit --amend --reset-author

 2 files changed, 17 insertions(+), 1 deletion(-)
[master 8206636] 10 of 100
 Committer: CS251 Account <cs251@lore.cs.purdue.edu>
Your name and email address were configured automatically based
on your username and hostname. Please check that they are accurate.
You can suppress this message by setting them explicitly. Run the
following command and follow the instructions in your editor to edit
your configuration file:

    git config --global --edit

After doing this, you may fix the identity used for this commit with:

    git commit --amend --reset-author

 10 files changed, 22 insertions(+), 638 deletions(-)
 delete mode 100755 HashTableTemplateTest
 delete mode 100755 HashTableVoidTest
 delete mode 100755 TestMyString
 rewrite out2 (100%)
 delete mode 100755 wcTemplate
 delete mode 100755 wcVoid
[master d98f50a] 10 of 100
 Committer: CS251 Account <cs251@lore.cs.purdue.edu>
Your name and email address were configured automatically based
on your username and hostname. Please check that they are accurate.
You can suppress this message by setting them explicitly. Run the
following command and follow the instructions in your editor to edit
your configuration file:

    git config --global --edit

After doing this, you may fix the identity used for this commit with:

    git commit --amend --reset-author

 2 files changed, 22 insertions(+), 1 deletion(-)
[master 2a00e66] 3 of 100
 10 files changed, 660 insertions(+), 7 deletions(-)
 create mode 100755 HashTableTemplateTest
 create mode 100755 HashTableVoidTest
 create mode 100755 TestMyString
 create mode 100755 wcTemplate
 create mode 100755 wcVoid
[master 0dca0a7] 3 of 100
 4 files changed, 17 insertions(+), 2 deletions(-)
 rewrite TestMyString (75%)
[master 8afd059] 12 of 100
 8 files changed, 25 insertions(+), 10 deletions(-)
 rewrite TestMyString (75%)
[master e3c4194] 17 of 100
 5 files changed, 97 insertions(+), 10 deletions(-)
 rewrite wcVoid (77%)
[master c7696ec] 17 of 100
 4 files changed, 5 insertions(+), 2 deletions(-)
[master 0660d52] 17 of 100
 3 files changed, 4 insertions(+), 2 deletions(-)
[master f0c590f] 31 of 100
 4 files changed, 7 insertions(+), 5 deletions(-)
 rewrite HashTableVoidTest (91%)
[master f4792f1] 31 of 100
 3 files changed, 5 insertions(+), 2 deletions(-)
[master 6a51986] 35 of 100
 4 files changed, 5 insertions(+), 3 deletions(-)
[master 6a5403f] 35 of 100
 2 files changed, 3 insertions(+), 1 deletion(-)
[master a44dd3b] 35 of 100
 4 files changed, 4 insertions(+), 1 deletion(-)
 rewrite HashTableVoidTest (71%)
[master 042a72c] 44 of 100
 7 files changed, 9 insertions(+), 5 deletions(-)
 rewrite HashTableVoidTest (73%)
[master 06a28be] 54 of 100
 6 files changed, 42 insertions(+), 6 deletions(-)
 rewrite HashTableTemplateTest (90%)
[master 146ff5f] 54 of 100
 3 files changed, 5 insertions(+), 2 deletions(-)
[master 6e8b597] 59 of 100
 5 files changed, 29 insertions(+), 3 deletions(-)
 rewrite HashTableTemplateTest (75%)
[master 897dd98] 69 of 100
 5 files changed, 40 insertions(+), 7 deletions(-)
[master 7546a59] 74 of 100
 5 files changed, 12 insertions(+), 3 deletions(-)
[master e09b203] 79 of 100
 6 files changed, 693 insertions(+), 3 deletions(-)
 rewrite wcTemplate (88%)
[master e85ac9e] 79 of 100
 2 files changed, 4 insertions(+), 1 deletion(-)
[master 9cebfa6] 79 of 100
 2 files changed, 3 insertions(+), 1 deletion(-)
[master 6c2eed6] 79 of 100
 4 files changed, 28 insertions(+), 4 deletions(-)
[master 8c2d26f] 79 of 100
 3 files changed, 4 insertions(+), 2 deletions(-)
[master 1e58a88] 79 of 100
 3 files changed, 3 insertions(+), 1 deletion(-)
[master 7b5b27f] 82 of 100
 5 files changed, 10 insertions(+), 8 deletions(-)
[master 1992adc] 85 of 100
 5 files changed, 6 insertions(+), 4 deletions(-)
[master d1110e7] 85 of 100
 4 files changed, 9 insertions(+), 4 deletions(-)
[master c44362d] 85 of 100
 5 files changed, 33 insertions(+), 4 deletions(-)
[master c648ef3] 88 of 100
 3 files changed, 5 insertions(+), 3 deletions(-)
[master 6c50d32] 85 of 100
 4 files changed, 11 insertions(+), 4 deletions(-)
[master 01aad66] 88 of 100
 4 files changed, 5 insertions(+), 3 deletions(-)
[master 0d2b0ad] 91 of 100
 5 files changed, 11 insertions(+), 4 deletions(-)
[master bb7a87e] 88 of 100
 4 files changed, 23 insertions(+), 6 deletions(-)
[master ed14dad] 94 of 100
 4 files changed, 6 insertions(+), 4 deletions(-)
[master f74e203] 94 of 100
 2 files changed, 3 insertions(+), 1 deletion(-)
[master 9c8a000] 94 of 100
 2 files changed, 3 insertions(+), 1 deletion(-)
[master 60e5c56] 94 of 100
 2 files changed, 3 insertions(+), 1 deletion(-)
[master b01a0d4] 97 of 100
 5 files changed, 27 insertions(+), 6 deletions(-)
[master f9b71ea] 97 of 100
 4 files changed, 21 insertions(+), 1 deletion(-)
[master 1752c0e] 97 of 100
 3 files changed, 4 insertions(+), 2 deletions(-)
[master 90da8ea] 97 of 100
 4 files changed, 4 insertions(+), 1 deletion(-)
[master abfb8d1] 94 of 100
 5 files changed, 7 insertions(+), 5 deletions(-)
[master 541e247] 94 of 100
 3 files changed, 5 insertions(+), 3 deletions(-)
[master 8070b2c] 97 of 100
 4 files changed, 5 insertions(+), 3 deletions(-)
[master b008869] 100 of 100
 5 files changed, 9 insertions(+), 5 deletions(-)
[master 4d2bdbc] 97 of 100
 6 files changed, 254 insertions(+), 252 deletions(-)
[master 291fe9a] 97 of 100
 2 files changed, 3 insertions(+), 1 deletion(-)
[master 3ec33ad] 97 of 100
 2 files changed, 3 insertions(+), 1 deletion(-)
[master 63d0248] 97 of 100
 2 files changed, 3 insertions(+), 1 deletion(-)
[master 2afcb03] 97 of 100
 2 files changed, 3 insertions(+), 1 deletion(-)
[master edd5bd8] 97 of 100
 2 files changed, 3 insertions(+), 1 deletion(-)
[master f6a9867] 97 of 100
 2 files changed, 3 insertions(+), 1 deletion(-)
[master 912a980] 100 of 100
 5 files changed, 7 insertions(+), 5 deletions(-)
