

-------------------------------------------------
CS240: Lab 2b. cs240   
Sun Jan 25 22:14:59 EST 2015
-------------------------------------------------
test_mystring test1                 : 0   of 3  
test_mystring test2                 : 0   of 3  
test_mystring test3                 : 0   of 3  
test_mystring test4                 : 0   of 3  
test_mystring test5                 : 0   of 3  
test_mystring test6                 : 0   of 3  
test_mystring test7                 : 0   of 3  
-------------------------------------------------
CS240: Lab 2b. cs240 Sun Jan 25 22:14:59 EST 2015  Total:  0 of 21



-------------------------------------------------
CS240: Lab 2b. cs240   
Sun Jan 25 22:15:33 EST 2015
-------------------------------------------------
test_mystring test1                 : 0   of 3  
test_mystring test2                 : 0   of 3  
test_mystring test3                 : 0   of 3  
test_mystring test4                 : 0   of 3  
test_mystring test5                 : 0   of 3  
test_mystring test6                 : 0   of 3  
test_mystring test7                 : 0   of 3  
-------------------------------------------------
CS240: Lab 2b. cs240 Sun Jan 25 22:15:33 EST 2015  Total:  0 of 21



-------------------------------------------------
CS240: Lab 2b. juneja0   
Fri Jan 30 20:02:47 EST 2015
-------------------------------------------------
test_mystring test1                 : 3   of 3  
test_mystring test2                 : 0   of 3  
test_mystring test3                 : 0   of 3  
test_mystring test4                 : 3   of 3  
test_mystring test5                 : 0   of 3  
test_mystring test6                 : 0   of 3  
test_mystring test7                 : 0   of 3  
-------------------------------------------------
CS240: Lab 2b. juneja0 Fri Jan 30 20:02:47 EST 2015  Total:  6 of 21



-------------------------------------------------
CS240: Lab 2b. juneja0   
Fri Jan 30 22:30:07 EST 2015
-------------------------------------------------
test_mystring test1                 : 3   of 3  
test_mystring test2                 : 0   of 3  
test_mystring test3                 : 0   of 3  
test_mystring test4                 : 3   of 3  
test_mystring test5                 : 0   of 3  
test_mystring test6                 : 0   of 3  
test_mystring test7                 : 0   of 3  
-------------------------------------------------
CS240: Lab 2b. juneja0 Fri Jan 30 22:30:07 EST 2015  Total:  6 of 21



-------------------------------------------------
CS240: Lab 2b. juneja0   
Fri Jan 30 22:33:12 EST 2015
-------------------------------------------------
test_mystring test1                 : 3   of 3  
test_mystring test2                 : 3   of 3  
test_mystring test3                 : 0   of 3  
test_mystring test4                 : 3   of 3  
test_mystring test5                 : 0   of 3  
test_mystring test6                 : 0   of 3  
test_mystring test7                 : 0   of 3  
-------------------------------------------------
CS240: Lab 2b. juneja0 Fri Jan 30 22:33:12 EST 2015  Total:  9 of 21



-------------------------------------------------
CS240: Lab 2b. juneja0   
Fri Jan 30 22:35:34 EST 2015
-------------------------------------------------
test_mystring test1                 : 3   of 3  
test_mystring test2                 : 3   of 3  
test_mystring test3                 : 3   of 3  
test_mystring test4                 : 3   of 3  
test_mystring test5                 : 0   of 3  
test_mystring test6                 : 0   of 3  
test_mystring test7                 : 0   of 3  
-------------------------------------------------
CS240: Lab 2b. juneja0 Fri Jan 30 22:35:34 EST 2015  Total:  12 of 21



-------------------------------------------------
CS240: Lab 2b. juneja0   
Fri Jan 30 23:10:26 EST 2015
-------------------------------------------------
test_mystring test1                 : 3   of 3  
test_mystring test2                 : 3   of 3  
test_mystring test3                 : 3   of 3  
test_mystring test4                 : 3   of 3  
test_mystring test6                 : 0   of 3  
test_mystring test7                 : 0   of 3  
-------------------------------------------------
CS240: Lab 2b. juneja0 Fri Jan 30 23:10:26 EST 2015  Total:  12 of 21



-------------------------------------------------
CS240: Lab 2b. juneja0   
Fri Jan 30 23:14:38 EST 2015
-------------------------------------------------
test_mystring test1                 : 3   of 3  
test_mystring test2                 : 3   of 3  
test_mystring test3                 : 3   of 3  
test_mystring test4                 : 3   of 3  
test_mystring test6                 : 0   of 3  
test_mystring test7                 : 0   of 3  
-------------------------------------------------
CS240: Lab 2b. juneja0 Fri Jan 30 23:14:38 EST 2015  Total:  12 of 21



-------------------------------------------------
CS240: Lab 2b. juneja0   
Sat Jan 31 14:27:46 EST 2015
-------------------------------------------------
test_mystring test1                 : 3   of 3  
test_mystring test2                 : 3   of 3  
test_mystring test3                 : 3   of 3  
test_mystring test4                 : 3   of 3  
test_mystring test5                 : 0   of 3  
test_mystring test6                 : 0   of 3  
test_mystring test7                 : 0   of 3  
-------------------------------------------------
CS240: Lab 2b. juneja0 Sat Jan 31 14:27:46 EST 2015  Total:  12 of 21



-------------------------------------------------
CS240: Lab 2b. juneja0   
Sat Jan 31 14:30:30 EST 2015
-------------------------------------------------
test_mystring test1                 : 3   of 3  
test_mystring test2                 : 3   of 3  
test_mystring test3                 : 3   of 3  
test_mystring test4                 : 3   of 3  
test_mystring test5                 : 0   of 3  
test_mystring test6                 : 0   of 3  
test_mystring test7                 : 0   of 3  
-------------------------------------------------
CS240: Lab 2b. juneja0 Sat Jan 31 14:30:30 EST 2015  Total:  12 of 21



-------------------------------------------------
CS240: Lab 2b. juneja0   
Sat Jan 31 14:38:11 EST 2015
-------------------------------------------------
test_mystring test1                 : 3   of 3  
test_mystring test2                 : 3   of 3  
test_mystring test3                 : 3   of 3  
test_mystring test4                 : 3   of 3  
test_mystring test5                 : 0   of 3  
test_mystring test6                 : 0   of 3  
test_mystring test7                 : 0   of 3  
-------------------------------------------------
CS240: Lab 2b. juneja0 Sat Jan 31 14:38:11 EST 2015  Total:  12 of 21



-------------------------------------------------
CS240: Lab 2b. juneja0   
Sat Jan 31 14:38:26 EST 2015
-------------------------------------------------
test_mystring test1                 : 3   of 3  
test_mystring test2                 : 3   of 3  
test_mystring test3                 : 3   of 3  
test_mystring test4                 : 3   of 3  
test_mystring test5                 : 0   of 3  
test_mystring test6                 : 0   of 3  
test_mystring test7                 : 0   of 3  
-------------------------------------------------
CS240: Lab 2b. juneja0 Sat Jan 31 14:38:26 EST 2015  Total:  12 of 21



-------------------------------------------------
CS240: Lab 2b. juneja0   
Sat Jan 31 14:51:22 EST 2015
-------------------------------------------------
test_mystring test1                 : 3   of 3  
test_mystring test2                 : 3   of 3  
test_mystring test3                 : 3   of 3  
test_mystring test4                 : 3   of 3  
test_mystring test5                 : 0   of 3  
test_mystring test6                 : 0   of 3  
test_mystring test7                 : 0   of 3  
-------------------------------------------------
CS240: Lab 2b. juneja0 Sat Jan 31 14:51:22 EST 2015  Total:  12 of 21



-------------------------------------------------
CS240: Lab 2b. juneja0   
Sat Jan 31 14:52:37 EST 2015
-------------------------------------------------
test_mystring test1                 : 3   of 3  
test_mystring test2                 : 3   of 3  
test_mystring test3                 : 3   of 3  
test_mystring test4                 : 3   of 3  
test_mystring test5                 : 0   of 3  
test_mystring test6                 : 0   of 3  
test_mystring test7                 : 0   of 3  
-------------------------------------------------
CS240: Lab 2b. juneja0 Sat Jan 31 14:52:37 EST 2015  Total:  12 of 21



-------------------------------------------------
CS240: Lab 2b. juneja0   
Sat Jan 31 14:57:46 EST 2015
-------------------------------------------------
test_mystring test1                 : 3   of 3  
test_mystring test2                 : 3   of 3  
test_mystring test3                 : 3   of 3  
test_mystring test4                 : 3   of 3  
test_mystring test5                 : 0   of 3  
test_mystring test6                 : 0   of 3  
test_mystring test7                 : 0   of 3  
-------------------------------------------------
CS240: Lab 2b. juneja0 Sat Jan 31 14:57:46 EST 2015  Total:  12 of 21



-------------------------------------------------
CS240: Lab 2b. juneja0   
Sat Jan 31 16:04:55 EST 2015
-------------------------------------------------
test_mystring test1                 : 3   of 3  
test_mystring test2                 : 3   of 3  
test_mystring test3                 : 3   of 3  
test_mystring test4                 : 3   of 3  
test_mystring test5                 : 0   of 3  
test_mystring test6                 : 0   of 3  
test_mystring test7                 : 0   of 3  
-------------------------------------------------
CS240: Lab 2b. juneja0 Sat Jan 31 16:04:55 EST 2015  Total:  12 of 21



-------------------------------------------------
CS240: Lab 2b. juneja0   
Sat Jan 31 20:45:45 EST 2015
-------------------------------------------------
test_mystring test1                 : 3   of 3  
test_mystring test2                 : 3   of 3  
test_mystring test3                 : 3   of 3  
test_mystring test4                 : 3   of 3  
test_mystring test5                 : 0   of 3  
test_mystring test6                 : 0   of 3  
test_mystring test7                 : 0   of 3  
-------------------------------------------------
CS240: Lab 2b. juneja0 Sat Jan 31 20:45:45 EST 2015  Total:  12 of 21



-------------------------------------------------
CS240: Lab 2b. juneja0   
Sat Jan 31 20:55:03 EST 2015
-------------------------------------------------
test_mystring test1                 : 3   of 3  
test_mystring test2                 : 3   of 3  
test_mystring test3                 : 3   of 3  
test_mystring test4                 : 3   of 3  
test_mystring test5                 : 0   of 3  
test_mystring test6                 : 0   of 3  
test_mystring test7                 : 0   of 3  
-------------------------------------------------
CS240: Lab 2b. juneja0 Sat Jan 31 20:55:03 EST 2015  Total:  12 of 21



-------------------------------------------------
CS240: Lab 2b. juneja0   
Sat Jan 31 23:40:25 EST 2015
-------------------------------------------------
test_mystring test1                 : 3   of 3  
test_mystring test2                 : 3   of 3  
test_mystring test3                 : 3   of 3  
test_mystring test4                 : 3   of 3  
test_mystring test5                 : 0   of 3  
test_mystring test6                 : 0   of 3  
test_mystring test7                 : 0   of 3  
-------------------------------------------------
CS240: Lab 2b. juneja0 Sat Jan 31 23:40:25 EST 2015  Total:  12 of 21



-------------------------------------------------
CS240: Lab 2b. juneja0   
Sat Jan 31 23:43:52 EST 2015
-------------------------------------------------
test_mystring test1                 : 3   of 3  
test_mystring test2                 : 3   of 3  
test_mystring test3                 : 3   of 3  
test_mystring test4                 : 3   of 3  
test_mystring test6                 : 0   of 3  
test_mystring test7                 : 0   of 3  
-------------------------------------------------
CS240: Lab 2b. juneja0 Sat Jan 31 23:43:52 EST 2015  Total:  12 of 21



-------------------------------------------------
CS240: Lab 2b. juneja0   
Sun Feb  1 00:07:08 EST 2015
-------------------------------------------------
test_mystring test1                 : 3   of 3  
test_mystring test2                 : 3   of 3  
test_mystring test3                 : 3   of 3  
test_mystring test4                 : 3   of 3  
test_mystring test6                 : 0   of 3  
test_mystring test7                 : 0   of 3  
-------------------------------------------------
CS240: Lab 2b. juneja0 Sun Feb 1 00:07:08 EST 2015  Total:  12 of 21



-------------------------------------------------
CS240: Lab 2b. juneja0   
Sun Feb  1 00:30:31 EST 2015
-------------------------------------------------
test_mystring test1                 : 3   of 3  
test_mystring test2                 : 3   of 3  
test_mystring test3                 : 3   of 3  
test_mystring test4                 : 3   of 3  
test_mystring test6                 : 0   of 3  
test_mystring test7                 : 0   of 3  
-------------------------------------------------
CS240: Lab 2b. juneja0 Sun Feb 1 00:30:31 EST 2015  Total:  12 of 21



-------------------------------------------------
CS240: Lab 2b. juneja0   
Sun Feb  1 00:36:44 EST 2015
-------------------------------------------------
test_mystring test1                 : 3   of 3  
test_mystring test2                 : 3   of 3  
test_mystring test3                 : 3   of 3  
test_mystring test4                 : 3   of 3  
test_mystring test6                 : 0   of 3  
test_mystring test7                 : 0   of 3  
-------------------------------------------------
CS240: Lab 2b. juneja0 Sun Feb 1 00:36:44 EST 2015  Total:  12 of 21



-------------------------------------------------
CS240: Lab 2b. juneja0   
Sun Feb  1 00:42:30 EST 2015
-------------------------------------------------
test_mystring test1                 : 3   of 3  
test_mystring test2                 : 3   of 3  
test_mystring test3                 : 3   of 3  
test_mystring test4                 : 3   of 3  
test_mystring test6                 : 0   of 3  
test_mystring test7                 : 0   of 3  
-------------------------------------------------
CS240: Lab 2b. juneja0 Sun Feb 1 00:42:30 EST 2015  Total:  12 of 21



-------------------------------------------------
CS240: Lab 2b. juneja0   
Sun Feb  1 00:44:18 EST 2015
-------------------------------------------------
test_mystring test1                 : 3   of 3  
test_mystring test2                 : 3   of 3  
test_mystring test3                 : 3   of 3  
test_mystring test4                 : 3   of 3  
test_mystring test6                 : 0   of 3  
test_mystring test7                 : 0   of 3  
-------------------------------------------------
CS240: Lab 2b. juneja0 Sun Feb 1 00:44:18 EST 2015  Total:  12 of 21



-------------------------------------------------
CS240: Lab 2b. juneja0   
Sun Feb  1 00:45:34 EST 2015
-------------------------------------------------
test_mystring test1                 : 3   of 3  
test_mystring test2                 : 3   of 3  
test_mystring test3                 : 3   of 3  
test_mystring test4                 : 3   of 3  
test_mystring test6                 : 0   of 3  
test_mystring test7                 : 0   of 3  
-------------------------------------------------
CS240: Lab 2b. juneja0 Sun Feb 1 00:45:34 EST 2015  Total:  12 of 21



-------------------------------------------------
CS240: Lab 2b. juneja0   
Sun Feb  1 00:46:54 EST 2015
-------------------------------------------------
test_mystring test1                 : 3   of 3  
test_mystring test2                 : 3   of 3  
test_mystring test3                 : 3   of 3  
test_mystring test4                 : 3   of 3  
test_mystring test6                 : 0   of 3  
test_mystring test7                 : 0   of 3  
-------------------------------------------------
CS240: Lab 2b. juneja0 Sun Feb 1 00:46:54 EST 2015  Total:  12 of 21



-------------------------------------------------
CS240: Lab 2b. juneja0   
Sun Feb  1 00:48:31 EST 2015
-------------------------------------------------
test_mystring test1                 : 3   of 3  
test_mystring test2                 : 3   of 3  
test_mystring test3                 : 3   of 3  
test_mystring test4                 : 3   of 3  
test_mystring test6                 : 0   of 3  
test_mystring test7                 : 0   of 3  
-------------------------------------------------
CS240: Lab 2b. juneja0 Sun Feb 1 00:48:31 EST 2015  Total:  12 of 21



-------------------------------------------------
CS240: Lab 2b. juneja0   
Sun Feb  1 00:52:03 EST 2015
-------------------------------------------------
test_mystring test1                 : 3   of 3  
test_mystring test2                 : 3   of 3  
test_mystring test3                 : 3   of 3  
test_mystring test4                 : 3   of 3  
test_mystring test5                 : 0   of 3  
test_mystring test6                 : 3   of 3  
test_mystring test7                 : 0   of 3  
-------------------------------------------------
CS240: Lab 2b. juneja0 Sun Feb 1 00:52:03 EST 2015  Total:  15 of 21



-------------------------------------------------
CS240: Lab 2b. juneja0   
Sun Feb  1 00:59:08 EST 2015
-------------------------------------------------
test_mystring test1                 : 3   of 3  
test_mystring test2                 : 3   of 3  
test_mystring test3                 : 3   of 3  
test_mystring test4                 : 3   of 3  
test_mystring test5                 : 0   of 3  
test_mystring test6                 : 3   of 3  
test_mystring test7                 : 3   of 3  
-------------------------------------------------
CS240: Lab 2b. juneja0 Sun Feb 1 00:59:08 EST 2015  Total:  18 of 21



-------------------------------------------------
CS240: Lab 2b. juneja0   
Sun Feb  1 01:20:02 EST 2015
-------------------------------------------------
test_mystring test1                 : 3   of 3  
test_mystring test2                 : 3   of 3  
test_mystring test3                 : 3   of 3  
test_mystring test4                 : 3   of 3  
test_mystring test5                 : 0   of 3  
test_mystring test6                 : 3   of 3  
test_mystring test7                 : 3   of 3  
-------------------------------------------------
CS240: Lab 2b. juneja0 Sun Feb 1 01:20:02 EST 2015  Total:  18 of 21



-------------------------------------------------
CS240: Lab 2b. juneja0   
Sun Feb  1 01:21:44 EST 2015
-------------------------------------------------
test_mystring test1                 : 3   of 3  
test_mystring test2                 : 3   of 3  
test_mystring test3                 : 3   of 3  
test_mystring test4                 : 3   of 3  
test_mystring test5                 : 0   of 3  
test_mystring test6                 : 3   of 3  
test_mystring test7                 : 3   of 3  
-------------------------------------------------
CS240: Lab 2b. juneja0 Sun Feb 1 01:21:44 EST 2015  Total:  18 of 21



-------------------------------------------------
CS240: Lab 2b. juneja0   
Sun Feb  1 01:23:09 EST 2015
-------------------------------------------------
test_mystring test1                 : 3   of 3  
test_mystring test2                 : 3   of 3  
test_mystring test3                 : 3   of 3  
test_mystring test4                 : 3   of 3  
test_mystring test5                 : 0   of 3  
test_mystring test6                 : 3   of 3  
test_mystring test7                 : 3   of 3  
-------------------------------------------------
CS240: Lab 2b. juneja0 Sun Feb 1 01:23:09 EST 2015  Total:  18 of 21



-------------------------------------------------
CS240: Lab 2b. juneja0   
Sun Feb  1 01:26:31 EST 2015
-------------------------------------------------
test_mystring test1                 : 3   of 3  
test_mystring test2                 : 3   of 3  
test_mystring test3                 : 3   of 3  
test_mystring test4                 : 3   of 3  
test_mystring test5                 : 0   of 3  
test_mystring test6                 : 3   of 3  
test_mystring test7                 : 3   of 3  
-------------------------------------------------
CS240: Lab 2b. juneja0 Sun Feb 1 01:26:31 EST 2015  Total:  18 of 21



-------------------------------------------------
CS240: Lab 2b. juneja0   
Sun Feb  1 01:29:31 EST 2015
-------------------------------------------------
test_mystring test1                 : 3   of 3  
test_mystring test2                 : 3   of 3  
test_mystring test3                 : 3   of 3  
test_mystring test4                 : 3   of 3  
test_mystring test5                 : 0   of 3  
test_mystring test6                 : 3   of 3  
test_mystring test7                 : 3   of 3  
-------------------------------------------------
CS240: Lab 2b. juneja0 Sun Feb 1 01:29:31 EST 2015  Total:  18 of 21



-------------------------------------------------
CS240: Lab 2b. juneja0   
Sun Feb  1 01:32:19 EST 2015
-------------------------------------------------
test_mystring test1                 : 3   of 3  
test_mystring test2                 : 3   of 3  
test_mystring test3                 : 3   of 3  
test_mystring test4                 : 3   of 3  
test_mystring test5                 : 0   of 3  
test_mystring test6                 : 3   of 3  
test_mystring test7                 : 3   of 3  
-------------------------------------------------
CS240: Lab 2b. juneja0 Sun Feb 1 01:32:19 EST 2015  Total:  18 of 21



-------------------------------------------------
CS240: Lab 2b. juneja0   
Sun Feb  1 01:34:23 EST 2015
-------------------------------------------------
test_mystring test1                 : 3   of 3  
test_mystring test2                 : 3   of 3  
test_mystring test3                 : 3   of 3  
test_mystring test4                 : 3   of 3  
test_mystring test5                 : 0   of 3  
test_mystring test6                 : 3   of 3  
test_mystring test7                 : 3   of 3  
-------------------------------------------------
CS240: Lab 2b. juneja0 Sun Feb 1 01:34:23 EST 2015  Total:  18 of 21



-------------------------------------------------
CS240: Lab 2b. juneja0   
Sun Feb  1 01:36:29 EST 2015
-------------------------------------------------
test_mystring test1                 : 3   of 3  
test_mystring test2                 : 3   of 3  
test_mystring test3                 : 3   of 3  
test_mystring test4                 : 3   of 3  
test_mystring test5                 : 0   of 3  
test_mystring test6                 : 3   of 3  
test_mystring test7                 : 3   of 3  
-------------------------------------------------
CS240: Lab 2b. juneja0 Sun Feb 1 01:36:29 EST 2015  Total:  18 of 21



-------------------------------------------------
CS240: Lab 2b. juneja0   
Sun Feb  1 01:37:33 EST 2015
-------------------------------------------------
test_mystring test1                 : 3   of 3  
test_mystring test2                 : 3   of 3  
test_mystring test3                 : 3   of 3  
test_mystring test4                 : 3   of 3  
test_mystring test5                 : 0   of 3  
test_mystring test6                 : 3   of 3  
test_mystring test7                 : 3   of 3  
-------------------------------------------------
CS240: Lab 2b. juneja0 Sun Feb 1 01:37:33 EST 2015  Total:  18 of 21



-------------------------------------------------
CS240: Lab 2b. juneja0   
Sun Feb  1 01:43:10 EST 2015
-------------------------------------------------
test_mystring test1                 : 3   of 3  
test_mystring test2                 : 3   of 3  
test_mystring test3                 : 3   of 3  
test_mystring test4                 : 3   of 3  
test_mystring test5                 : 0   of 3  
test_mystring test6                 : 3   of 3  
test_mystring test7                 : 3   of 3  
-------------------------------------------------
CS240: Lab 2b. juneja0 Sun Feb 1 01:43:10 EST 2015  Total:  18 of 21



-------------------------------------------------
CS240: Lab 2b. juneja0   
Sun Feb  1 01:44:28 EST 2015
-------------------------------------------------
test_mystring test1                 : 3   of 3  
test_mystring test2                 : 3   of 3  
test_mystring test3                 : 3   of 3  
test_mystring test4                 : 3   of 3  
test_mystring test5                 : 0   of 3  
test_mystring test6                 : 3   of 3  
test_mystring test7                 : 3   of 3  
-------------------------------------------------
CS240: Lab 2b. juneja0 Sun Feb 1 01:44:28 EST 2015  Total:  18 of 21



-------------------------------------------------
CS240: Lab 2b. juneja0   
Sun Feb  1 01:51:32 EST 2015
-------------------------------------------------
test_mystring test1                 : 3   of 3  
test_mystring test2                 : 3   of 3  
test_mystring test3                 : 3   of 3  
test_mystring test4                 : 3   of 3  
test_mystring test5                 : 3   of 3  
test_mystring test6                 : 3   of 3  
test_mystring test7                 : 3   of 3  
-------------------------------------------------
CS240: Lab 2b. juneja0 Sun Feb 1 01:51:32 EST 2015  Total:  21 of 21



-------------------------------------------------
CS240: Lab 2b. juneja0   
Sun Feb  1 23:36:29 EST 2015
-------------------------------------------------
test_mystring test1                 : 3   of 3  
test_mystring test2                 : 3   of 3  
test_mystring test3                 : 3   of 3  
test_mystring test4                 : 3   of 3  
test_mystring test5                 : 0   of 3  
test_mystring test6                 : 3   of 3  
test_mystring test7                 : 3   of 3  
-------------------------------------------------
CS240: Lab 2b. juneja0 Sun Feb 1 23:36:29 EST 2015  Total:  18 of 21



-------------------------------------------------
CS240: Lab 2b. juneja0   
Mon Feb  2 00:06:59 EST 2015
-------------------------------------------------
test_mystring test1                 : 3   of 3  
test_mystring test2                 : 3   of 3  
test_mystring test3                 : 3   of 3  
test_mystring test4                 : 3   of 3  
test_mystring test5                 : 3   of 3  
test_mystring test6                 : 3   of 3  
test_mystring test7                 : 3   of 3  
-------------------------------------------------
CS240: Lab 2b. juneja0 Mon Feb 2 00:06:59 EST 2015  Total:  21 of 21



-------------------------------------------------
CS240: Lab 2b. juneja0   
Mon Feb  2 10:33:22 EST 2015
-------------------------------------------------
test_mystring test1                 : 3   of 3  
test_mystring test2                 : 3   of 3  
test_mystring test3                 : 3   of 3  
test_mystring test4                 : 3   of 3  
test_mystring test5                 : 3   of 3  
test_mystring test6                 : 3   of 3  
test_mystring test7                 : 3   of 3  
-------------------------------------------------
CS240: Lab 2b. juneja0 Mon Feb 2 10:33:22 EST 2015  Total:  21 of 21



-------------------------------------------------
CS240: Lab 2b. juneja0   
Mon Feb  2 10:33:44 EST 2015
-------------------------------------------------
test_mystring test1                 : 3   of 3  
test_mystring test2                 : 3   of 3  
test_mystring test3                 : 3   of 3  
test_mystring test4                 : 3   of 3  
test_mystring test5                 : 3   of 3  
test_mystring test6                 : 3   of 3  
test_mystring test7                 : 3   of 3  
-------------------------------------------------
CS240: Lab 2b. juneja0 Mon Feb 2 10:33:44 EST 2015  Total:  21 of 21



-------------------------------------------------
CS240: Lab 2b. juneja0   
Mon Feb  2 11:02:42 EST 2015
-------------------------------------------------
test_mystring test1                 : 3   of 3  
test_mystring test2                 : 3   of 3  
test_mystring test3                 : 3   of 3  
test_mystring test4                 : 3   of 3  
test_mystring test5                 : 3   of 3  
test_mystring test6                 : 3   of 3  
test_mystring test7                 : 3   of 3  
-------------------------------------------------
CS240: Lab 2b. juneja0 Mon Feb 2 11:02:42 EST 2015  Total:  21 of 21



-------------------------------------------------
CS240: Lab 2b. juneja0   
Mon Feb  2 11:03:29 EST 2015
-------------------------------------------------
test_mystring test1                 : 3   of 3  
test_mystring test2                 : 3   of 3  
test_mystring test3                 : 3   of 3  
test_mystring test4                 : 3   of 3  
test_mystring test5                 : 0   of 3  
test_mystring test6                 : 3   of 3  
test_mystring test7                 : 3   of 3  
-------------------------------------------------
CS240: Lab 2b. juneja0 Mon Feb 2 11:03:29 EST 2015  Total:  18 of 21



-------------------------------------------------
CS240: Lab 2b. juneja0   
Mon Feb  2 11:13:07 EST 2015
-------------------------------------------------
test_mystring test1                 : 3   of 3  
test_mystring test2                 : 3   of 3  
test_mystring test3                 : 3   of 3  
test_mystring test4                 : 3   of 3  
test_mystring test5                 : 3   of 3  
test_mystring test6                 : 3   of 3  
test_mystring test7                 : 3   of 3  
-------------------------------------------------
CS240: Lab 2b. juneja0 Mon Feb 2 11:13:07 EST 2015  Total:  21 of 21



-------------------------------------------------
CS240: Lab 2b. juneja0   
Mon Feb  2 11:15:17 EST 2015
-------------------------------------------------
test_mystring test1                 : 3   of 3  
test_mystring test2                 : 3   of 3  
test_mystring test3                 : 3   of 3  
test_mystring test4                 : 3   of 3  
test_mystring test5                 : 0   of 3  
test_mystring test6                 : 3   of 3  
test_mystring test7                 : 3   of 3  
-------------------------------------------------
CS240: Lab 2b. juneja0 Mon Feb 2 11:15:17 EST 2015  Total:  18 of 21



-------------------------------------------------
CS240: Lab 2b. juneja0   
Mon Feb  2 11:17:51 EST 2015
-------------------------------------------------
test_mystring test1                 : 3   of 3  
test_mystring test2                 : 3   of 3  
test_mystring test3                 : 3   of 3  
test_mystring test4                 : 3   of 3  
test_mystring test5                 : 0   of 3  
test_mystring test6                 : 3   of 3  
test_mystring test7                 : 3   of 3  
-------------------------------------------------
CS240: Lab 2b. juneja0 Mon Feb 2 11:17:51 EST 2015  Total:  18 of 21



-------------------------------------------------
CS240: Lab 2b. juneja0   
Mon Feb  2 11:18:18 EST 2015
-------------------------------------------------
test_mystring test1                 : 3   of 3  
test_mystring test2                 : 3   of 3  
test_mystring test3                 : 3   of 3  
test_mystring test4                 : 3   of 3  
test_mystring test5                 : 3   of 3  
test_mystring test6                 : 3   of 3  
test_mystring test7                 : 3   of 3  
-------------------------------------------------
CS240: Lab 2b. juneja0 Mon Feb 2 11:18:18 EST 2015  Total:  21 of 21



-------------------------------------------------
CS240: Lab 2b. juneja0   
Mon Feb  2 11:20:57 EST 2015
-------------------------------------------------
test_mystring test1                 : 3   of 3  
test_mystring test2                 : 3   of 3  
test_mystring test3                 : 3   of 3  
test_mystring test4                 : 3   of 3  
test_mystring test5                 : 3   of 3  
test_mystring test6                 : 3   of 3  
test_mystring test7                 : 3   of 3  
-------------------------------------------------
CS240: Lab 2b. juneja0 Mon Feb 2 11:20:57 EST 2015  Total:  21 of 21



-------------------------------------------------
CS240: Lab 2b. juneja0   
Mon Feb  2 16:58:45 EST 2015
-------------------------------------------------
test_mystring test1                 : 3   of 3  
test_mystring test2                 : 3   of 3  
test_mystring test3                 : 3   of 3  
test_mystring test4                 : 3   of 3  
test_mystring test5                 : 3   of 3  
test_mystring test6                 : 3   of 3  
test_mystring test7                 : 3   of 3  
-------------------------------------------------
CS240: Lab 2b. juneja0 Mon Feb 2 16:58:45 EST 2015  Total:  21 of 21



-------------------------------------------------
CS240: Lab 2b. juneja0   
Mon Feb  2 17:10:06 EST 2015
-------------------------------------------------
test_mystring test1                 : 3   of 3  
test_mystring test2                 : 3   of 3  
test_mystring test3                 : 3   of 3  
test_mystring test4                 : 3   of 3  
test_mystring test5                 : 3   of 3  
test_mystring test6                 : 3   of 3  
test_mystring test7                 : 3   of 3  
-------------------------------------------------
CS240: Lab 2b. juneja0 Mon Feb 2 17:10:06 EST 2015  Total:  21 of 21

